<?xml version="1.0" encoding="UTF-8"?>
<coverage generated="1774612938982" clover="3.2.0">
  <project timestamp="1774612938982" name="All files">
    <metrics statements="366" coveredstatements="290" conditionals="271" coveredconditionals="201" methods="76" coveredmethods="61" elements="713" coveredelements="552" complexity="0" loc="366" ncloc="366" packages="15" files="37" classes="37"/>
    <package name="lib">
      <metrics statements="23" coveredstatements="10" conditionals="16" coveredconditionals="5" methods="3" coveredmethods="1"/>
      <file name="data.ts" path="/Users/coreyalejandro/Projects/instructional-integrity-ui/lib/data.ts">
        <metrics statements="4" coveredstatements="4" conditionals="0" coveredconditionals="0" methods="0" coveredmethods="0"/>
        <line num="1" count="1" type="stmt"/>
        <line num="34" count="1" type="stmt"/>
        <line num="62" count="1" type="stmt"/>
        <line num="90" count="1" type="stmt"/>
      </file>
      <file name="db.ts" path="/Users/coreyalejandro/Projects/instructional-integrity-ui/lib/db.ts">
        <metrics statements="7" coveredstatements="0" conditionals="6" coveredconditionals="0" methods="0" coveredmethods="0"/>
        <line num="9" count="0" type="stmt"/>
        <line num="10" count="0" type="cond" truecount="0" falsecount="2"/>
        <line num="11" count="0" type="stmt"/>
        <line num="14" count="0" type="stmt"/>
        <line num="17" count="0" type="cond" truecount="0" falsecount="2"/>
        <line num="23" count="0" type="cond" truecount="0" falsecount="2"/>
        <line num="24" count="0" type="stmt"/>
      </file>
      <file name="runs.ts" path="/Users/coreyalejandro/Projects/instructional-integrity-ui/lib/runs.ts">
        <metrics statements="6" coveredstatements="0" conditionals="5" coveredconditionals="0" methods="2" coveredmethods="0"/>
        <line num="7" count="0" type="stmt"/>
        <line num="8" count="0" type="cond" truecount="0" falsecount="2"/>
        <line num="9" count="0" type="stmt"/>
        <line num="13" count="0" type="stmt"/>
        <line num="14" count="0" type="cond" truecount="0" falsecount="2"/>
        <line num="15" count="0" type="stmt"/>
      </file>
      <file name="verdict-map.ts" path="/Users/coreyalejandro/Projects/instructional-integrity-ui/lib/verdict-map.ts">
        <metrics statements="6" coveredstatements="6" conditionals="5" coveredconditionals="5" methods="1" coveredmethods="1"/>
        <line num="4" count="6" type="cond" truecount="5" falsecount="0"/>
        <line num="6" count="1" type="stmt"/>
        <line num="8" count="1" type="stmt"/>
        <line num="10" count="1" type="stmt"/>
        <line num="12" count="1" type="stmt"/>
        <line num="14" count="2" type="stmt"/>
      </file>
    </package>
    <package name="lib.api">
      <metrics statements="39" coveredstatements="39" conditionals="37" coveredconditionals="37" methods="9" coveredmethods="9"/>
      <file name="evaluationMapper.ts" path="/Users/coreyalejandro/Projects/instructional-integrity-ui/lib/api/evaluationMapper.ts">
        <metrics statements="15" coveredstatements="15" conditionals="13" coveredconditionals="13" methods="6" coveredmethods="6"/>
        <line num="13" count="24" type="stmt"/>
        <line num="18" count="23" type="stmt"/>
        <line num="23" count="22" type="stmt"/>
        <line num="28" count="23" type="stmt"/>
        <line num="38" count="24" type="cond" truecount="5" falsecount="0"/>
        <line num="40" count="20" type="stmt"/>
        <line num="42" count="1" type="stmt"/>
        <line num="44" count="1" type="stmt"/>
        <line num="46" count="1" type="stmt"/>
        <line num="48" count="1" type="stmt"/>
        <line num="53" count="23" type="cond" truecount="4" falsecount="0"/>
        <line num="55" count="1" type="stmt"/>
        <line num="57" count="20" type="stmt"/>
        <line num="59" count="1" type="stmt"/>
        <line num="61" count="1" type="stmt"/>
      </file>
      <file name="httpError.ts" path="/Users/coreyalejandro/Projects/instructional-integrity-ui/lib/api/httpError.ts">
        <metrics statements="13" coveredstatements="13" conditionals="12" coveredconditionals="12" methods="2" coveredmethods="2"/>
        <line num="11" count="2" type="stmt"/>
        <line num="25" count="14" type="stmt"/>
        <line num="26" count="14" type="cond" truecount="2" falsecount="0"/>
        <line num="27" count="11" type="cond" truecount="10" falsecount="0"/>
        <line num="29" count="2" type="stmt"/>
        <line num="31" count="1" type="stmt"/>
        <line num="33" count="1" type="stmt"/>
        <line num="36" count="2" type="stmt"/>
        <line num="38" count="1" type="stmt"/>
        <line num="40" count="1" type="stmt"/>
        <line num="42" count="1" type="stmt"/>
        <line num="44" count="1" type="stmt"/>
        <line num="46" count="1" type="stmt"/>
      </file>
      <file name="recoveryMessages.ts" path="/Users/coreyalejandro/Projects/instructional-integrity-ui/lib/api/recoveryMessages.ts">
        <metrics statements="11" coveredstatements="11" conditionals="12" coveredconditionals="12" methods="1" coveredmethods="1"/>
        <line num="5" count="15" type="cond" truecount="12" falsecount="0"/>
        <line num="7" count="2" type="stmt"/>
        <line num="9" count="2" type="stmt"/>
        <line num="13" count="3" type="stmt"/>
        <line num="15" count="1" type="stmt"/>
        <line num="17" count="1" type="stmt"/>
        <line num="19" count="1" type="stmt"/>
        <line num="21" count="1" type="stmt"/>
        <line num="23" count="2" type="stmt"/>
        <line num="25" count="1" type="stmt"/>
        <line num="27" count="1" type="stmt"/>
      </file>
    </package>
    <package name="lib.artifacts">
      <metrics statements="58" coveredstatements="58" conditionals="36" coveredconditionals="34" methods="6" coveredmethods="6"/>
      <file name="artifactTypes.ts" path="/Users/coreyalejandro/Projects/instructional-integrity-ui/lib/artifacts/artifactTypes.ts">
        <metrics statements="0" coveredstatements="0" conditionals="0" coveredconditionals="0" methods="0" coveredmethods="0"/>
      </file>
      <file name="normalizeArtifact.ts" path="/Users/coreyalejandro/Projects/instructional-integrity-ui/lib/artifacts/normalizeArtifact.ts">
        <metrics statements="10" coveredstatements="10" conditionals="6" coveredconditionals="5" methods="2" coveredmethods="2"/>
        <line num="11" count="15" type="stmt"/>
        <line num="12" count="15" type="cond" truecount="2" falsecount="0"/>
        <line num="13" count="3" type="stmt"/>
        <line num="14" count="3" type="stmt"/>
        <line num="15" count="3" type="stmt"/>
        <line num="17" count="12" type="stmt"/>
        <line num="19" count="19" type="stmt"/>
        <line num="21" count="12" type="stmt"/>
        <line num="22" count="12" type="stmt"/>
        <line num="23" count="12" type="stmt"/>
      </file>
      <file name="sanitizeInput.ts" path="/Users/coreyalejandro/Projects/instructional-integrity-ui/lib/artifacts/sanitizeInput.ts">
        <metrics statements="9" coveredstatements="9" conditionals="0" coveredconditionals="0" methods="1" coveredmethods="1"/>
        <line num="5" count="28" type="stmt"/>
        <line num="7" count="28" type="stmt"/>
        <line num="8" count="28" type="stmt"/>
        <line num="10" count="28" type="stmt"/>
        <line num="12" count="28" type="stmt"/>
        <line num="14" count="28" type="stmt"/>
        <line num="15" count="28" type="stmt"/>
        <line num="17" count="28" type="stmt"/>
        <line num="18" count="28" type="stmt"/>
      </file>
      <file name="validateInput.ts" path="/Users/coreyalejandro/Projects/instructional-integrity-ui/lib/artifacts/validateInput.ts">
        <metrics statements="39" coveredstatements="39" conditionals="30" coveredconditionals="29" methods="3" coveredmethods="3"/>
        <line num="8" count="2" type="stmt"/>
        <line num="13" count="2" type="stmt"/>
        <line num="16" count="14" type="stmt"/>
        <line num="17" count="14" type="cond" truecount="2" falsecount="0"/>
        <line num="21" count="7" type="cond" truecount="2" falsecount="0"/>
        <line num="22" count="3" type="stmt"/>
        <line num="23" count="3" type="stmt"/>
        <line num="24" count="3" type="stmt"/>
        <line num="26" count="4" type="cond" truecount="2" falsecount="0"/>
        <line num="27" count="2" type="stmt"/>
        <line num="28" count="2" type="stmt"/>
        <line num="29" count="2" type="stmt"/>
        <line num="39" count="10" type="cond" truecount="2" falsecount="0"/>
        <line num="40" count="1" type="stmt"/>
        <line num="41" count="1" type="stmt"/>
        <line num="42" count="1" type="stmt"/>
        <line num="44" count="9" type="cond" truecount="2" falsecount="0"/>
        <line num="45" count="1" type="stmt"/>
        <line num="46" count="1" type="stmt"/>
        <line num="47" count="1" type="stmt"/>
        <line num="49" count="8" type="cond" truecount="1" falsecount="1"/>
        <line num="50" count="10" type="cond" truecount="2" falsecount="0"/>
        <line num="51" count="1" type="stmt"/>
        <line num="52" count="1" type="stmt"/>
        <line num="53" count="1" type="stmt"/>
        <line num="55" count="7" type="cond" truecount="2" falsecount="0"/>
        <line num="56" count="1" type="stmt"/>
        <line num="57" count="1" type="stmt"/>
        <line num="58" count="1" type="stmt"/>
        <line num="60" count="6" type="stmt"/>
        <line num="61" count="6" type="stmt"/>
        <line num="62" count="6" type="cond" truecount="4" falsecount="0"/>
        <line num="63" count="1" type="stmt"/>
        <line num="64" count="1" type="stmt"/>
        <line num="65" count="1" type="stmt"/>
        <line num="67" count="5" type="cond" truecount="4" falsecount="0"/>
        <line num="68" count="1" type="stmt"/>
        <line num="69" count="1" type="stmt"/>
        <line num="70" count="1" type="stmt"/>
      </file>
    </package>
    <package name="lib.domain">
      <metrics statements="3" coveredstatements="3" conditionals="0" coveredconditionals="0" methods="1" coveredmethods="1"/>
      <file name="errorTypes.ts" path="/Users/coreyalejandro/Projects/instructional-integrity-ui/lib/domain/errorTypes.ts">
        <metrics statements="1" coveredstatements="1" conditionals="0" coveredconditionals="0" methods="0" coveredmethods="0"/>
        <line num="1" count="8" type="stmt"/>
      </file>
      <file name="evaluationTypes.ts" path="/Users/coreyalejandro/Projects/instructional-integrity-ui/lib/domain/evaluationTypes.ts">
        <metrics statements="0" coveredstatements="0" conditionals="0" coveredconditionals="0" methods="0" coveredmethods="0"/>
      </file>
      <file name="failureTypes.ts" path="/Users/coreyalejandro/Projects/instructional-integrity-ui/lib/domain/failureTypes.ts">
        <metrics statements="2" coveredstatements="2" conditionals="0" coveredconditionals="0" methods="1" coveredmethods="1"/>
        <line num="2" count="1" type="stmt"/>
        <line num="18" count="13" type="stmt"/>
      </file>
      <file name="verdictTypes.ts" path="/Users/coreyalejandro/Projects/instructional-integrity-ui/lib/domain/verdictTypes.ts">
        <metrics statements="0" coveredstatements="0" conditionals="0" coveredconditionals="0" methods="0" coveredmethods="0"/>
      </file>
    </package>
    <package name="lib.evaluation">
      <metrics statements="10" coveredstatements="10" conditionals="8" coveredconditionals="8" methods="5" coveredmethods="5"/>
      <file name="concurrency.ts" path="/Users/coreyalejandro/Projects/instructional-integrity-ui/lib/evaluation/concurrency.ts">
        <metrics statements="10" coveredstatements="10" conditionals="8" coveredconditionals="8" methods="5" coveredmethods="5"/>
        <line num="6" count="10" type="stmt"/>
        <line num="8" count="10" type="stmt"/>
        <line num="11" count="7" type="stmt"/>
        <line num="16" count="15" type="cond" truecount="2" falsecount="0"/>
        <line num="17" count="12" type="stmt"/>
        <line num="18" count="12" type="stmt"/>
        <line num="22" count="3" type="stmt"/>
        <line num="27" count="7" type="stmt"/>
        <line num="29" count="7" type="cond" truecount="2" falsecount="0"/>
        <line num="30" count="7" type="cond" truecount="4" falsecount="0"/>
      </file>
    </package>
    <package name="lib.evaluator">
      <metrics statements="142" coveredstatements="127" conditionals="126" coveredconditionals="95" methods="26" coveredmethods="25"/>
      <file name="classifyFailures.ts" path="/Users/coreyalejandro/Projects/instructional-integrity-ui/lib/evaluator/classifyFailures.ts">
        <metrics statements="1" coveredstatements="1" conditionals="0" coveredconditionals="0" methods="2" coveredmethods="2"/>
        <line num="6" count="1" type="stmt"/>
      </file>
      <file name="evaluateArtifact.ts" path="/Users/coreyalejandro/Projects/instructional-integrity-ui/lib/evaluator/evaluateArtifact.ts">
        <metrics statements="2" coveredstatements="2" conditionals="0" coveredconditionals="0" methods="1" coveredmethods="1"/>
        <line num="6" count="3" type="stmt"/>
        <line num="7" count="3" type="stmt"/>
      </file>
      <file name="evaluatorInterface.ts" path="/Users/coreyalejandro/Projects/instructional-integrity-ui/lib/evaluator/evaluatorInterface.ts">
        <metrics statements="0" coveredstatements="0" conditionals="0" coveredconditionals="0" methods="0" coveredmethods="0"/>
      </file>
      <file name="ruleBasedTextEvaluator.ts" path="/Users/coreyalejandro/Projects/instructional-integrity-ui/lib/evaluator/ruleBasedTextEvaluator.ts">
        <metrics statements="121" coveredstatements="106" conditionals="113" coveredconditionals="82" methods="16" coveredmethods="15"/>
        <line num="9" count="4" type="stmt"/>
        <line num="10" count="4" type="stmt"/>
        <line num="13" count="100" type="stmt"/>
        <line num="17" count="70" type="stmt"/>
        <line num="18" count="254" type="cond" truecount="2" falsecount="0"/>
        <line num="20" count="42" type="cond" truecount="1" falsecount="1"/>
        <line num="24" count="100" type="stmt"/>
        <line num="25" count="100" type="stmt"/>
        <line num="29" count="60" type="stmt"/>
        <line num="30" count="60" type="cond" truecount="2" falsecount="0"/>
        <line num="37" count="100" type="stmt"/>
        <line num="38" count="100" type="cond" truecount="1" falsecount="1"/>
        <line num="39" count="100" type="stmt"/>
        <line num="41" count="100" type="cond" truecount="10" falsecount="1"/>
        <line num="43" count="10" type="stmt"/>
        <line num="44" count="10" type="cond" truecount="2" falsecount="0"/>
        <line num="45" count="10" type="stmt"/>
        <line num="46" count="10" type="cond" truecount="1" falsecount="1"/>
        <line num="47" count="0" type="stmt"/>
        <line num="49" count="10" type="cond" truecount="2" falsecount="0"/>
        <line num="50" count="10" type="stmt"/>
        <line num="51" count="10" type="cond" truecount="1" falsecount="1"/>
        <line num="52" count="10" type="cond" truecount="3" falsecount="1"/>
        <line num="53" count="10" type="stmt"/>
        <line num="64" count="10" type="stmt"/>
        <line num="65" count="10" type="stmt"/>
        <line num="66" count="10" type="stmt"/>
        <line num="67" count="10" type="cond" truecount="2" falsecount="0"/>
        <line num="69" count="6" type="stmt"/>
        <line num="70" count="6" type="stmt"/>
        <line num="72" count="10" type="stmt"/>
        <line num="81" count="10" type="stmt"/>
        <line num="82" count="195" type="stmt"/>
        <line num="83" count="10" type="stmt"/>
        <line num="84" count="10" type="stmt"/>
        <line num="85" count="10" type="cond" truecount="1" falsecount="1"/>
        <line num="86" count="0" type="stmt"/>
        <line num="87" count="0" type="stmt"/>
        <line num="89" count="10" type="cond" truecount="2" falsecount="0"/>
        <line num="90" count="10" type="stmt"/>
        <line num="100" count="10" type="stmt"/>
        <line num="102" count="10" type="stmt"/>
        <line num="103" count="10" type="stmt"/>
        <line num="104" count="10" type="cond" truecount="1" falsecount="1"/>
        <line num="105" count="0" type="stmt"/>
        <line num="106" count="0" type="stmt"/>
        <line num="108" count="10" type="stmt"/>
        <line num="117" count="10" type="stmt"/>
        <line num="118" count="10" type="stmt"/>
        <line num="119" count="10" type="stmt"/>
        <line num="120" count="10" type="cond" truecount="1" falsecount="1"/>
        <line num="121" count="10" type="stmt"/>
        <line num="122" count="10" type="cond" truecount="3" falsecount="1"/>
        <line num="123" count="0" type="stmt"/>
        <line num="124" count="0" type="stmt"/>
        <line num="126" count="10" type="stmt"/>
        <line num="135" count="10" type="stmt"/>
        <line num="136" count="10" type="stmt"/>
        <line num="137" count="10" type="stmt"/>
        <line num="138" count="10" type="cond" truecount="1" falsecount="1"/>
        <line num="139" count="0" type="stmt"/>
        <line num="140" count="0" type="stmt"/>
        <line num="142" count="10" type="stmt"/>
        <line num="152" count="24" type="stmt"/>
        <line num="153" count="10" type="stmt"/>
        <line num="154" count="10" type="stmt"/>
        <line num="155" count="10" type="cond" truecount="1" falsecount="1"/>
        <line num="156" count="0" type="stmt"/>
        <line num="157" count="0" type="stmt"/>
        <line num="159" count="10" type="stmt"/>
        <line num="162" count="24" type="cond" truecount="2" falsecount="0"/>
        <line num="168" count="10" type="stmt"/>
        <line num="169" count="10" type="cond" truecount="1" falsecount="1"/>
        <line num="170" count="10" type="stmt"/>
        <line num="171" count="10" type="cond" truecount="4" falsecount="0"/>
        <line num="172" count="7" type="stmt"/>
        <line num="174" count="10" type="stmt"/>
        <line num="184" count="10" type="stmt"/>
        <line num="185" count="10" type="cond" truecount="1" falsecount="1"/>
        <line num="186" count="10" type="cond" truecount="1" falsecount="1"/>
        <line num="187" count="10" type="stmt"/>
        <line num="196" count="10" type="stmt"/>
        <line num="197" count="10" type="stmt"/>
        <line num="198" count="10" type="stmt"/>
        <line num="199" count="10" type="stmt"/>
        <line num="200" count="10" type="cond" truecount="2" falsecount="2"/>
        <line num="201" count="0" type="stmt"/>
        <line num="202" count="0" type="stmt"/>
        <line num="204" count="10" type="stmt"/>
        <line num="213" count="0" type="stmt"/>
        <line num="224" count="100" type="stmt"/>
        <line num="225" count="100" type="cond" truecount="2" falsecount="0"/>
        <line num="226" count="26" type="cond" truecount="2" falsecount="0"/>
        <line num="227" count="6" type="stmt"/>
        <line num="240" count="100" type="cond" truecount="2" falsecount="0"/>
        <line num="241" count="74" type="stmt"/>
        <line num="243" count="26" type="stmt"/>
        <line num="244" count="26" type="cond" truecount="2" falsecount="2"/>
        <line num="245" count="100" type="stmt"/>
        <line num="255" count="110" type="stmt"/>
        <line num="256" count="11" type="stmt"/>
        <line num="257" count="11" type="cond" truecount="2" falsecount="0"/>
        <line num="258" count="100" type="cond" truecount="1" falsecount="1"/>
        <line num="259" count="10" type="cond" truecount="1" falsecount="1"/>
        <line num="260" count="10" type="stmt"/>
        <line num="262" count="100" type="cond" truecount="1" falsecount="1"/>
        <line num="272" count="11" type="stmt"/>
        <line num="274" count="11" type="stmt"/>
        <line num="293" count="11" type="stmt"/>
        <line num="295" count="11" type="cond" truecount="2" falsecount="0"/>
        <line num="297" count="11" type="stmt"/>
        <line num="299" count="11" type="stmt"/>
        <line num="300" count="101" type="cond" truecount="4" falsecount="0"/>
        <line num="301" count="1" type="stmt"/>
        <line num="310" count="100" type="stmt"/>
        <line num="311" count="100" type="stmt"/>
        <line num="312" count="100" type="stmt"/>
        <line num="314" count="100" type="stmt"/>
        <line num="332" count="10" type="stmt"/>
        <line num="335" count="4" type="stmt"/>
        <line num="340" count="0" type="stmt"/>
      </file>
      <file name="verdict.ts" path="/Users/coreyalejandro/Projects/instructional-integrity-ui/lib/evaluator/verdict.ts">
        <metrics statements="18" coveredstatements="18" conditionals="13" coveredconditionals="13" methods="7" coveredmethods="7"/>
        <line num="12" count="16" type="cond" truecount="2" falsecount="0"/>
        <line num="13" count="2" type="stmt"/>
        <line num="15" count="107" type="stmt"/>
        <line num="16" count="59" type="stmt"/>
        <line num="17" count="57" type="stmt"/>
        <line num="18" count="107" type="stmt"/>
        <line num="19" count="14" type="stmt"/>
        <line num="20" count="14" type="stmt"/>
        <line num="21" count="14" type="cond" truecount="3" falsecount="0"/>
        <line num="23" count="16" type="stmt"/>
        <line num="24" count="107" type="stmt"/>
        <line num="27" count="16" type="cond" truecount="2" falsecount="0"/>
        <line num="28" count="7" type="stmt"/>
        <line num="30" count="7" type="cond" truecount="4" falsecount="0"/>
        <line num="31" count="1" type="stmt"/>
        <line num="33" count="6" type="cond" truecount="2" falsecount="0"/>
        <line num="34" count="5" type="stmt"/>
        <line num="36" count="1" type="stmt"/>
      </file>
    </package>
    <package name="lib.evidence">
      <metrics statements="1" coveredstatements="1" conditionals="0" coveredconditionals="0" methods="1" coveredmethods="1"/>
      <file name="extractEvidence.ts" path="/Users/coreyalejandro/Projects/instructional-integrity-ui/lib/evidence/extractEvidence.ts">
        <metrics statements="1" coveredstatements="1" conditionals="0" coveredconditionals="0" methods="1" coveredmethods="1"/>
        <line num="5" count="4" type="stmt"/>
      </file>
    </package>
    <package name="lib.glossary">
      <metrics statements="2" coveredstatements="2" conditionals="0" coveredconditionals="0" methods="0" coveredmethods="0"/>
      <file name="cognitiveSafetyTerms.ts" path="/Users/coreyalejandro/Projects/instructional-integrity-ui/lib/glossary/cognitiveSafetyTerms.ts">
        <metrics statements="2" coveredstatements="2" conditionals="0" coveredconditionals="0" methods="0" coveredmethods="0"/>
        <line num="10" count="1" type="stmt"/>
        <line num="91" count="1" type="stmt"/>
      </file>
    </package>
    <package name="lib.logging">
      <metrics statements="4" coveredstatements="0" conditionals="4" coveredconditionals="0" methods="1" coveredmethods="0"/>
      <file name="logger.ts" path="/Users/coreyalejandro/Projects/instructional-integrity-ui/lib/logging/logger.ts">
        <metrics statements="4" coveredstatements="0" conditionals="4" coveredconditionals="0" methods="1" coveredmethods="0"/>
        <line num="3" count="0" type="stmt"/>
        <line num="6" count="0" type="cond" truecount="0" falsecount="2"/>
        <line num="7" count="0" type="stmt"/>
        <line num="12" count="0" type="stmt"/>
      </file>
    </package>
    <package name="lib.persistence">
      <metrics statements="43" coveredstatements="0" conditionals="21" coveredconditionals="0" methods="9" coveredmethods="0"/>
      <file name="createEvaluationRun.ts" path="/Users/coreyalejandro/Projects/instructional-integrity-ui/lib/persistence/createEvaluationRun.ts">
        <metrics statements="27" coveredstatements="0" conditionals="15" coveredconditionals="0" methods="4" coveredmethods="0"/>
        <line num="7" count="0" type="cond" truecount="0" falsecount="5"/>
        <line num="9" count="0" type="stmt"/>
        <line num="11" count="0" type="stmt"/>
        <line num="13" count="0" type="stmt"/>
        <line num="15" count="0" type="stmt"/>
        <line num="17" count="0" type="stmt"/>
        <line num="22" count="0" type="cond" truecount="0" falsecount="4"/>
        <line num="24" count="0" type="stmt"/>
        <line num="26" count="0" type="stmt"/>
        <line num="28" count="0" type="stmt"/>
        <line num="30" count="0" type="stmt"/>
        <line num="43" count="0" type="stmt"/>
        <line num="44" count="0" type="stmt"/>
        <line num="45" count="0" type="stmt"/>
        <line num="46" count="0" type="stmt"/>
        <line num="52" count="0" type="stmt"/>
        <line num="63" count="0" type="stmt"/>
        <line num="80" count="0" type="stmt"/>
        <line num="81" count="0" type="stmt"/>
        <line num="92" count="0" type="stmt"/>
        <line num="93" count="0" type="stmt"/>
        <line num="102" count="0" type="stmt"/>
        <line num="103" count="0" type="stmt"/>
        <line num="110" count="0" type="stmt"/>
        <line num="118" count="0" type="stmt"/>
        <line num="121" count="0" type="stmt"/>
        <line num="122" count="0" type="stmt"/>
      </file>
      <file name="deleteEvaluationRun.ts" path="/Users/coreyalejandro/Projects/instructional-integrity-ui/lib/persistence/deleteEvaluationRun.ts">
        <metrics statements="12" coveredstatements="0" conditionals="4" coveredconditionals="0" methods="2" coveredmethods="0"/>
        <line num="5" count="0" type="stmt"/>
        <line num="6" count="0" type="stmt"/>
        <line num="9" count="0" type="cond" truecount="0" falsecount="2"/>
        <line num="11" count="0" type="stmt"/>
        <line num="13" count="0" type="stmt"/>
        <line num="14" count="0" type="stmt"/>
        <line num="21" count="0" type="stmt"/>
        <line num="22" count="0" type="stmt"/>
        <line num="23" count="0" type="cond" truecount="0" falsecount="2"/>
        <line num="24" count="0" type="stmt"/>
        <line num="28" count="0" type="stmt"/>
        <line num="29" count="0" type="stmt"/>
      </file>
      <file name="getEvaluationRun.ts" path="/Users/coreyalejandro/Projects/instructional-integrity-ui/lib/persistence/getEvaluationRun.ts">
        <metrics statements="1" coveredstatements="0" conditionals="0" coveredconditionals="0" methods="1" coveredmethods="0"/>
        <line num="4" count="0" type="stmt"/>
      </file>
      <file name="listEvaluationRuns.ts" path="/Users/coreyalejandro/Projects/instructional-integrity-ui/lib/persistence/listEvaluationRuns.ts">
        <metrics statements="3" coveredstatements="0" conditionals="2" coveredconditionals="0" methods="2" coveredmethods="0"/>
        <line num="3" count="0" type="stmt"/>
        <line num="12" count="0" type="stmt"/>
        <line num="23" count="0" type="stmt"/>
      </file>
    </package>
    <package name="lib.reporting">
      <metrics statements="26" coveredstatements="26" conditionals="15" coveredconditionals="14" methods="9" coveredmethods="9"/>
      <file name="exportJsonReport.ts" path="/Users/coreyalejandro/Projects/instructional-integrity-ui/lib/reporting/exportJsonReport.ts">
        <metrics statements="15" coveredstatements="15" conditionals="13" coveredconditionals="13" methods="6" coveredmethods="6"/>
        <line num="13" count="19" type="stmt"/>
        <line num="18" count="19" type="stmt"/>
        <line num="23" count="19" type="stmt"/>
        <line num="28" count="19" type="stmt"/>
        <line num="42" count="19" type="cond" truecount="5" falsecount="0"/>
        <line num="44" count="15" type="stmt"/>
        <line num="46" count="1" type="stmt"/>
        <line num="48" count="1" type="stmt"/>
        <line num="50" count="1" type="stmt"/>
        <line num="52" count="1" type="stmt"/>
        <line num="57" count="19" type="cond" truecount="4" falsecount="0"/>
        <line num="59" count="1" type="stmt"/>
        <line num="61" count="16" type="stmt"/>
        <line num="63" count="1" type="stmt"/>
        <line num="65" count="1" type="stmt"/>
      </file>
      <file name="exportMarkdownReport.ts" path="/Users/coreyalejandro/Projects/instructional-integrity-ui/lib/reporting/exportMarkdownReport.ts">
        <metrics statements="10" coveredstatements="10" conditionals="2" coveredconditionals="1" methods="2" coveredmethods="2"/>
        <line num="14" count="11" type="cond" truecount="1" falsecount="1"/>
        <line num="15" count="11" type="stmt"/>
        <line num="34" count="11" type="stmt"/>
        <line num="35" count="11" type="stmt"/>
        <line num="36" count="11" type="stmt"/>
        <line num="37" count="11" type="stmt"/>
        <line num="38" count="11" type="stmt"/>
        <line num="39" count="11" type="stmt"/>
        <line num="41" count="11" type="stmt"/>
        <line num="44" count="11" type="stmt"/>
      </file>
      <file name="sanitizeExportContent.ts" path="/Users/coreyalejandro/Projects/instructional-integrity-ui/lib/reporting/sanitizeExportContent.ts">
        <metrics statements="1" coveredstatements="1" conditionals="0" coveredconditionals="0" methods="1" coveredmethods="1"/>
        <line num="3" count="50" type="stmt"/>
      </file>
    </package>
    <package name="lib.rubric">
      <metrics statements="4" coveredstatements="3" conditionals="0" coveredconditionals="0" methods="4" coveredmethods="2"/>
      <file name="defaultRubric.ts" path="/Users/coreyalejandro/Projects/instructional-integrity-ui/lib/rubric/defaultRubric.ts">
        <metrics statements="2" coveredstatements="2" conditionals="0" coveredconditionals="0" methods="1" coveredmethods="1"/>
        <line num="4" count="6" type="stmt"/>
        <line num="122" count="3" type="stmt"/>
      </file>
      <file name="rubricRegistry.ts" path="/Users/coreyalejandro/Projects/instructional-integrity-ui/lib/rubric/rubricRegistry.ts">
        <metrics statements="2" coveredstatements="1" conditionals="0" coveredconditionals="0" methods="3" coveredmethods="1"/>
        <line num="5" count="10" type="stmt"/>
        <line num="9" count="0" type="stmt"/>
      </file>
      <file name="rubricTypes.ts" path="/Users/coreyalejandro/Projects/instructional-integrity-ui/lib/rubric/rubricTypes.ts">
        <metrics statements="0" coveredstatements="0" conditionals="0" coveredconditionals="0" methods="0" coveredmethods="0"/>
      </file>
    </package>
    <package name="lib.run-history-service">
      <metrics statements="0" coveredstatements="0" conditionals="0" coveredconditionals="0" methods="0" coveredmethods="0"/>
      <file name="runHistoryService.ts" path="/Users/coreyalejandro/Projects/instructional-integrity-ui/lib/run-history-service/runHistoryService.ts">
        <metrics statements="0" coveredstatements="0" conditionals="0" coveredconditionals="0" methods="0" coveredmethods="0"/>
      </file>
    </package>
    <package name="lib.session">
      <metrics statements="8" coveredstatements="8" conditionals="6" coveredconditionals="6" methods="2" coveredmethods="2"/>
      <file name="session.ts" path="/Users/coreyalejandro/Projects/instructional-integrity-ui/lib/session/session.ts">
        <metrics statements="8" coveredstatements="8" conditionals="6" coveredconditionals="6" methods="2" coveredmethods="2"/>
        <line num="3" count="1" type="stmt"/>
        <line num="6" count="14" type="stmt"/>
        <line num="13" count="14" type="stmt"/>
        <line num="20" count="17" type="stmt"/>
        <line num="21" count="17" type="cond" truecount="4" falsecount="0"/>
        <line num="22" count="3" type="stmt"/>
        <line num="24" count="14" type="stmt"/>
        <line num="25" count="14" type="stmt"/>
      </file>
    </package>
    <package name="lib.validation">
      <metrics statements="3" coveredstatements="3" conditionals="2" coveredconditionals="2" methods="0" coveredmethods="0"/>
      <file name="schemas.ts" path="/Users/coreyalejandro/Projects/instructional-integrity-ui/lib/validation/schemas.ts">
        <metrics statements="3" coveredstatements="3" conditionals="2" coveredconditionals="2" methods="0" coveredmethods="0"/>
        <line num="3" count="1" type="stmt"/>
        <line num="8" count="1" type="stmt"/>
        <line num="20" count="1" type="stmt"/>
      </file>
    </package>
  </project>
</coverage>
