{"/Users/coreyalejandro/Projects/instructional-integrity-ui/lib/data.ts": {"path":"/Users/coreyalejandro/Projects/instructional-integrity-ui/lib/data.ts","statementMap":{"0":{"start":{"line":1,"column":28},"end":{"line":32,"column":null}},"1":{"start":{"line":34,"column":28},"end":{"line":60,"column":null}},"2":{"start":{"line":62,"column":32},"end":{"line":88,"column":null}},"3":{"start":{"line":90,"column":29},"end":{"line":118,"column":null}}},"fnMap":{},"branchMap":{},"s":{"0":0,"1":0,"2":0,"3":0},"f":{},"b":{},"meta":{"lastBranch":0,"lastFunction":0,"lastStatement":4,"seen":{"s:1:28:32:Infinity":0,"s:34:28:60:Infinity":1,"s:62:32:88:Infinity":2,"s:90:29:118:Infinity":3}}}
,"/Users/coreyalejandro/Projects/instructional-integrity-ui/lib/db.ts": {"path":"/Users/coreyalejandro/Projects/instructional-integrity-ui/lib/db.ts","statementMap":{"0":{"start":{"line":9,"column":2},"end":{"line":12,"column":4}},"1":{"start":{"line":14,"column":0},"end":{"line":15,"column":null}},"2":{"start":{"line":15,"column":2},"end":{"line":15,"column":null}}},"fnMap":{},"branchMap":{"0":{"loc":{"start":{"line":9,"column":2},"end":{"line":12,"column":4}},"type":"binary-expr","locations":[{"start":{"line":9,"column":2},"end":{"line":9,"column":null}},{"start":{"line":10,"column":2},"end":{"line":12,"column":4}}],"line":9},"1":{"loc":{"start":{"line":14,"column":0},"end":{"line":15,"column":null}},"type":"if","locations":[{"start":{"line":14,"column":0},"end":{"line":15,"column":null}},{"start":{},"end":{}}],"line":14}},"s":{"0":0,"1":0,"2":0},"f":{},"b":{"0":[0,0],"1":[0,0]},"meta":{"lastBranch":2,"lastFunction":0,"lastStatement":3,"seen":{"s:9:2:12:4":0,"b:9:2:9:Infinity:10:2:12:4":0,"b:14:0:15:Infinity:undefined:undefined:undefined:undefined":1,"s:14:0:15:Infinity":1,"s:15:2:15:Infinity":2}}}
,"/Users/coreyalejandro/Projects/instructional-integrity-ui/lib/runs.ts": {"path":"/Users/coreyalejandro/Projects/instructional-integrity-ui/lib/runs.ts","statementMap":{"0":{"start":{"line":7,"column":8},"end":{"line":7,"column":null}},"1":{"start":{"line":8,"column":2},"end":{"line":8,"column":null}},"2":{"start":{"line":8,"column":18},"end":{"line":8,"column":null}},"3":{"start":{"line":9,"column":2},"end":{"line":9,"column":null}},"4":{"start":{"line":13,"column":8},"end":{"line":13,"column":null}},"5":{"start":{"line":14,"column":2},"end":{"line":14,"column":null}},"6":{"start":{"line":14,"column":18},"end":{"line":14,"column":null}},"7":{"start":{"line":15,"column":2},"end":{"line":15,"column":null}}},"fnMap":{"0":{"name":"listEvaluationRuns","decl":{"start":{"line":6,"column":22},"end":{"line":6,"column":41}},"loc":{"start":{"line":6,"column":54},"end":{"line":9,"column":null}},"line":6},"1":{"name":"getEvaluationRunById","decl":{"start":{"line":12,"column":22},"end":{"line":12,"column":43}},"loc":{"start":{"line":12,"column":55},"end":{"line":15,"column":null}},"line":12}},"branchMap":{"0":{"loc":{"start":{"line":6,"column":41},"end":{"line":6,"column":54}},"type":"default-arg","locations":[{"start":{"line":6,"column":49},"end":{"line":6,"column":54}}],"line":6},"1":{"loc":{"start":{"line":8,"column":2},"end":{"line":8,"column":null}},"type":"if","locations":[{"start":{"line":8,"column":2},"end":{"line":8,"column":null}},{"start":{},"end":{}}],"line":8},"2":{"loc":{"start":{"line":14,"column":2},"end":{"line":14,"column":null}},"type":"if","locations":[{"start":{"line":14,"column":2},"end":{"line":14,"column":null}},{"start":{},"end":{}}],"line":14}},"s":{"0":0,"1":0,"2":0,"3":0,"4":0,"5":0,"6":0,"7":0},"f":{"0":0,"1":0},"b":{"0":[0],"1":[0,0],"2":[0,0]},"meta":{"lastBranch":3,"lastFunction":2,"lastStatement":8,"seen":{"f:6:22:6:41":0,"b:6:49:6:54":0,"s:7:8:7:Infinity":0,"b:8:2:8:Infinity:undefined:undefined:undefined:undefined":1,"s:8:2:8:Infinity":1,"s:8:18:8:Infinity":2,"s:9:2:9:Infinity":3,"f:12:22:12:43":1,"s:13:8:13:Infinity":4,"b:14:2:14:Infinity:undefined:undefined:undefined:undefined":2,"s:14:2:14:Infinity":5,"s:14:18:14:Infinity":6,"s:15:2:15:Infinity":7}}}
,"/Users/coreyalejandro/Projects/instructional-integrity-ui/lib/verdict-map.ts": {"path":"/Users/coreyalejandro/Projects/instructional-integrity-ui/lib/verdict-map.ts","statementMap":{"0":{"start":{"line":4,"column":2},"end":{"line":14,"column":null}},"1":{"start":{"line":6,"column":6},"end":{"line":6,"column":null}},"2":{"start":{"line":8,"column":6},"end":{"line":8,"column":null}},"3":{"start":{"line":10,"column":6},"end":{"line":10,"column":null}},"4":{"start":{"line":12,"column":6},"end":{"line":12,"column":null}},"5":{"start":{"line":14,"column":6},"end":{"line":14,"column":null}}},"fnMap":{"0":{"name":"prismaVerdictToLabel","decl":{"start":{"line":3,"column":16},"end":{"line":3,"column":37}},"loc":{"start":{"line":3,"column":62},"end":{"line":14,"column":null}},"line":3}},"branchMap":{"0":{"loc":{"start":{"line":4,"column":2},"end":{"line":14,"column":null}},"type":"switch","locations":[{"start":{"line":5,"column":4},"end":{"line":6,"column":null}},{"start":{"line":7,"column":4},"end":{"line":8,"column":null}},{"start":{"line":9,"column":4},"end":{"line":10,"column":null}},{"start":{"line":11,"column":4},"end":{"line":12,"column":null}},{"start":{"line":13,"column":4},"end":{"line":14,"column":null}}],"line":4}},"s":{"0":0,"1":0,"2":0,"3":0,"4":0,"5":0},"f":{"0":0},"b":{"0":[0,0,0,0,0]},"meta":{"lastBranch":1,"lastFunction":1,"lastStatement":6,"seen":{"f:3:16:3:37":0,"b:5:4:6:Infinity:7:4:8:Infinity:9:4:10:Infinity:11:4:12:Infinity:13:4:14:Infinity":0,"s:4:2:14:Infinity":0,"s:6:6:6:Infinity":1,"s:8:6:8:Infinity":2,"s:10:6:10:Infinity":3,"s:12:6:12:Infinity":4,"s:14:6:14:Infinity":5}}}
,"/Users/coreyalejandro/Projects/instructional-integrity-ui/lib/api/evaluationMapper.ts": {"path":"/Users/coreyalejandro/Projects/instructional-integrity-ui/lib/api/evaluationMapper.ts","statementMap":{"0":{"start":{"line":13,"column":2},"end":{"line":34,"column":null}},"1":{"start":{"line":18,"column":47},"end":{"line":30,"column":7}},"2":{"start":{"line":23,"column":39},"end":{"line":27,"column":9}},"3":{"start":{"line":28,"column":50},"end":{"line":28,"column":60}},"4":{"start":{"line":38,"column":2},"end":{"line":48,"column":null}},"5":{"start":{"line":40,"column":6},"end":{"line":40,"column":null}},"6":{"start":{"line":42,"column":6},"end":{"line":42,"column":null}},"7":{"start":{"line":44,"column":6},"end":{"line":44,"column":null}},"8":{"start":{"line":46,"column":6},"end":{"line":46,"column":null}},"9":{"start":{"line":48,"column":6},"end":{"line":48,"column":null}},"10":{"start":{"line":53,"column":2},"end":{"line":61,"column":null}},"11":{"start":{"line":55,"column":6},"end":{"line":55,"column":null}},"12":{"start":{"line":57,"column":6},"end":{"line":57,"column":null}},"13":{"start":{"line":59,"column":6},"end":{"line":59,"column":null}},"14":{"start":{"line":61,"column":6},"end":{"line":61,"column":null}}},"fnMap":{"0":{"name":"mapRunToApiResponse","decl":{"start":{"line":12,"column":16},"end":{"line":12,"column":36}},"loc":{"start":{"line":12,"column":59},"end":{"line":34,"column":null}},"line":12},"1":{"name":"(anonymous_1)","decl":{"start":{"line":18,"column":35},"end":{"line":18,"column":40}},"loc":{"start":{"line":18,"column":47},"end":{"line":30,"column":7}},"line":18},"2":{"name":"(anonymous_2)","decl":{"start":{"line":23,"column":27},"end":{"line":23,"column":32}},"loc":{"start":{"line":23,"column":39},"end":{"line":27,"column":9}},"line":23},"3":{"name":"(anonymous_3)","decl":{"start":{"line":28,"column":39},"end":{"line":28,"column":44}},"loc":{"start":{"line":28,"column":50},"end":{"line":28,"column":60}},"line":28},"4":{"name":"mapVerdict","decl":{"start":{"line":37,"column":9},"end":{"line":37,"column":20}},"loc":{"start":{"line":37,"column":80},"end":{"line":48,"column":null}},"line":37},"5":{"name":"mapCriterionVerdict","decl":{"start":{"line":52,"column":9},"end":{"line":52,"column":29}},"loc":{"start":{"line":52,"column":66},"end":{"line":61,"column":null}},"line":52}},"branchMap":{"0":{"loc":{"start":{"line":15,"column":12},"end":{"line":15,"column":null}},"type":"cond-expr","locations":[{"start":{"line":15,"column":41},"end":{"line":15,"column":65}},{"start":{"line":15,"column":65},"end":{"line":15,"column":null}}],"line":15},"1":{"loc":{"start":{"line":33,"column":19},"end":{"line":33,"column":null}},"type":"binary-expr","locations":[{"start":{"line":33,"column":19},"end":{"line":33,"column":41}},{"start":{"line":33,"column":41},"end":{"line":33,"column":null}}],"line":33},"2":{"loc":{"start":{"line":38,"column":2},"end":{"line":48,"column":null}},"type":"switch","locations":[{"start":{"line":39,"column":4},"end":{"line":40,"column":null}},{"start":{"line":41,"column":4},"end":{"line":42,"column":null}},{"start":{"line":43,"column":4},"end":{"line":44,"column":null}},{"start":{"line":45,"column":4},"end":{"line":46,"column":null}},{"start":{"line":47,"column":4},"end":{"line":48,"column":null}}],"line":38},"3":{"loc":{"start":{"line":53,"column":2},"end":{"line":61,"column":null}},"type":"switch","locations":[{"start":{"line":54,"column":4},"end":{"line":55,"column":null}},{"start":{"line":56,"column":4},"end":{"line":57,"column":null}},{"start":{"line":58,"column":4},"end":{"line":59,"column":null}},{"start":{"line":60,"column":4},"end":{"line":61,"column":null}}],"line":53}},"s":{"0":0,"1":0,"2":0,"3":0,"4":0,"5":0,"6":0,"7":0,"8":0,"9":0,"10":0,"11":0,"12":0,"13":0,"14":0},"f":{"0":0,"1":0,"2":0,"3":0,"4":0,"5":0},"b":{"0":[0,0],"1":[0,0],"2":[0,0,0,0,0],"3":[0,0,0,0]},"meta":{"lastBranch":4,"lastFunction":6,"lastStatement":15,"seen":{"f:12:16:12:36":0,"s:13:2:34:Infinity":0,"b:15:41:15:65:15:65:15:Infinity":0,"f:18:35:18:40":1,"s:18:47:30:7":1,"f:23:27:23:32":2,"s:23:39:27:9":2,"f:28:39:28:44":3,"s:28:50:28:60":3,"b:33:19:33:41:33:41:33:Infinity":1,"f:37:9:37:20":4,"b:39:4:40:Infinity:41:4:42:Infinity:43:4:44:Infinity:45:4:46:Infinity:47:4:48:Infinity":2,"s:38:2:48:Infinity":4,"s:40:6:40:Infinity":5,"s:42:6:42:Infinity":6,"s:44:6:44:Infinity":7,"s:46:6:46:Infinity":8,"s:48:6:48:Infinity":9,"f:52:9:52:29":5,"b:54:4:55:Infinity:56:4:57:Infinity:58:4:59:Infinity:60:4:61:Infinity":3,"s:53:2:61:Infinity":10,"s:55:6:55:Infinity":11,"s:57:6:57:Infinity":12,"s:59:6:59:Infinity":13,"s:61:6:61:Infinity":14}}}
,"/Users/coreyalejandro/Projects/instructional-integrity-ui/lib/api/httpError.ts": {"path":"/Users/coreyalejandro/Projects/instructional-integrity-ui/lib/api/httpError.ts","statementMap":{"0":{"start":{"line":11,"column":2},"end":{"line":21,"column":null}},"1":{"start":{"line":25,"column":16},"end":{"line":25,"column":null}},"2":{"start":{"line":26,"column":2},"end":{"line":26,"column":null}},"3":{"start":{"line":26,"column":13},"end":{"line":26,"column":null}},"4":{"start":{"line":27,"column":2},"end":{"line":46,"column":null}},"5":{"start":{"line":29,"column":6},"end":{"line":29,"column":null}},"6":{"start":{"line":31,"column":6},"end":{"line":31,"column":null}},"7":{"start":{"line":33,"column":6},"end":{"line":33,"column":null}},"8":{"start":{"line":36,"column":6},"end":{"line":36,"column":null}},"9":{"start":{"line":38,"column":6},"end":{"line":38,"column":null}},"10":{"start":{"line":40,"column":6},"end":{"line":40,"column":null}},"11":{"start":{"line":42,"column":6},"end":{"line":42,"column":null}},"12":{"start":{"line":44,"column":6},"end":{"line":44,"column":null}},"13":{"start":{"line":46,"column":6},"end":{"line":46,"column":null}}},"fnMap":{"0":{"name":"jsonError","decl":{"start":{"line":4,"column":16},"end":{"line":4,"column":null}},"loc":{"start":{"line":10,"column":2},"end":{"line":21,"column":null}},"line":10},"1":{"name":"mapKnownError","decl":{"start":{"line":24,"column":16},"end":{"line":24,"column":30}},"loc":{"start":{"line":24,"column":105},"end":{"line":46,"column":null}},"line":24}},"branchMap":{"0":{"loc":{"start":{"line":26,"column":2},"end":{"line":26,"column":null}},"type":"if","locations":[{"start":{"line":26,"column":2},"end":{"line":26,"column":null}},{"start":{},"end":{}}],"line":26},"1":{"loc":{"start":{"line":27,"column":2},"end":{"line":46,"column":null}},"type":"switch","locations":[{"start":{"line":28,"column":4},"end":{"line":29,"column":null}},{"start":{"line":30,"column":4},"end":{"line":31,"column":null}},{"start":{"line":32,"column":4},"end":{"line":33,"column":null}},{"start":{"line":34,"column":4},"end":{"line":34,"column":null}},{"start":{"line":35,"column":4},"end":{"line":36,"column":null}},{"start":{"line":37,"column":4},"end":{"line":38,"column":null}},{"start":{"line":39,"column":4},"end":{"line":40,"column":null}},{"start":{"line":41,"column":4},"end":{"line":42,"column":null}},{"start":{"line":43,"column":4},"end":{"line":44,"column":null}},{"start":{"line":45,"column":4},"end":{"line":46,"column":null}}],"line":27}},"s":{"0":0,"1":0,"2":0,"3":0,"4":0,"5":0,"6":0,"7":0,"8":0,"9":0,"10":0,"11":0,"12":0,"13":0},"f":{"0":0,"1":0},"b":{"0":[0,0],"1":[0,0,0,0,0,0,0,0,0,0]},"meta":{"lastBranch":2,"lastFunction":2,"lastStatement":14,"seen":{"f:4:16:4:Infinity":0,"s:11:2:21:Infinity":0,"f:24:16:24:30":1,"s:25:16:25:Infinity":1,"b:26:2:26:Infinity:undefined:undefined:undefined:undefined":0,"s:26:2:26:Infinity":2,"s:26:13:26:Infinity":3,"b:28:4:29:Infinity:30:4:31:Infinity:32:4:33:Infinity:34:4:34:Infinity:35:4:36:Infinity:37:4:38:Infinity:39:4:40:Infinity:41:4:42:Infinity:43:4:44:Infinity:45:4:46:Infinity":1,"s:27:2:46:Infinity":4,"s:29:6:29:Infinity":5,"s:31:6:31:Infinity":6,"s:33:6:33:Infinity":7,"s:36:6:36:Infinity":8,"s:38:6:38:Infinity":9,"s:40:6:40:Infinity":10,"s:42:6:42:Infinity":11,"s:44:6:44:Infinity":12,"s:46:6:46:Infinity":13}}}
,"/Users/coreyalejandro/Projects/instructional-integrity-ui/lib/artifacts/artifactTypes.ts": {"path":"/Users/coreyalejandro/Projects/instructional-integrity-ui/lib/artifacts/artifactTypes.ts","statementMap":{},"fnMap":{},"branchMap":{},"s":{},"f":{},"b":{},"meta":{"lastBranch":0,"lastFunction":0,"lastStatement":0,"seen":{}}}
,"/Users/coreyalejandro/Projects/instructional-integrity-ui/lib/artifacts/normalizeArtifact.ts": {"path":"/Users/coreyalejandro/Projects/instructional-integrity-ui/lib/artifacts/normalizeArtifact.ts","statementMap":{"0":{"start":{"line":11,"column":8},"end":{"line":11,"column":58}},"1":{"start":{"line":12,"column":2},"end":{"line":15,"column":null}},"2":{"start":{"line":13,"column":16},"end":{"line":13,"column":101}},"3":{"start":{"line":14,"column":5},"end":{"line":14,"column":null}},"4":{"start":{"line":15,"column":4},"end":{"line":15,"column":null}},"5":{"start":{"line":17,"column":21},"end":{"line":20,"column":20}},"6":{"start":{"line":19,"column":16},"end":{"line":19,"column":24}},"7":{"start":{"line":21,"column":16},"end":{"line":21,"column":37}},"8":{"start":{"line":22,"column":16},"end":{"line":22,"column":54}},"9":{"start":{"line":23,"column":2},"end":{"line":30,"column":null}}},"fnMap":{"0":{"name":"normalizeArtifact","decl":{"start":{"line":10,"column":16},"end":{"line":10,"column":34}},"loc":{"start":{"line":10,"column":81},"end":{"line":30,"column":null}},"line":10},"1":{"name":"(anonymous_1)","decl":{"start":{"line":19,"column":5},"end":{"line":19,"column":10}},"loc":{"start":{"line":19,"column":16},"end":{"line":19,"column":24}},"line":19}},"branchMap":{"0":{"loc":{"start":{"line":12,"column":2},"end":{"line":15,"column":null}},"type":"if","locations":[{"start":{"line":12,"column":2},"end":{"line":15,"column":null}},{"start":{},"end":{}}],"line":12},"1":{"loc":{"start":{"line":24,"column":11},"end":{"line":24,"column":null}},"type":"binary-expr","locations":[{"start":{"line":24,"column":11},"end":{"line":24,"column":31}},{"start":{"line":24,"column":35},"end":{"line":24,"column":null}}],"line":24},"2":{"loc":{"start":{"line":26,"column":16},"end":{"line":26,"column":60}},"type":"cond-expr","locations":[{"start":{"line":26,"column":36},"end":{"line":26,"column":49}},{"start":{"line":26,"column":49},"end":{"line":26,"column":60}}],"line":26}},"s":{"0":4,"1":4,"2":1,"3":1,"4":1,"5":3,"6":9,"7":3,"8":3,"9":3},"f":{"0":4,"1":9},"b":{"0":[1,3],"1":[3,0],"2":[3,0]},"meta":{"lastBranch":3,"lastFunction":2,"lastStatement":10,"seen":{"f:10:16:10:34":0,"s:11:8:11:58":0,"b:12:2:15:Infinity:undefined:undefined:undefined:undefined":0,"s:12:2:15:Infinity":1,"s:13:16:13:101":2,"s:14:5:14:Infinity":3,"s:15:4:15:Infinity":4,"s:17:21:20:20":5,"f:19:5:19:10":1,"s:19:16:19:24":6,"s:21:16:21:37":7,"s:22:16:22:54":8,"s:23:2:30:Infinity":9,"b:24:11:24:31:24:35:24:Infinity":1,"b:26:36:26:49:26:49:26:60":2}}}
,"/Users/coreyalejandro/Projects/instructional-integrity-ui/lib/artifacts/sanitizeInput.ts": {"path":"/Users/coreyalejandro/Projects/instructional-integrity-ui/lib/artifacts/sanitizeInput.ts","statementMap":{"0":{"start":{"line":5,"column":10},"end":{"line":5,"column":34}},"1":{"start":{"line":7,"column":2},"end":{"line":7,"column":null}},"2":{"start":{"line":8,"column":2},"end":{"line":8,"column":null}},"3":{"start":{"line":10,"column":2},"end":{"line":10,"column":null}},"4":{"start":{"line":12,"column":2},"end":{"line":12,"column":null}},"5":{"start":{"line":14,"column":2},"end":{"line":14,"column":null}},"6":{"start":{"line":15,"column":2},"end":{"line":15,"column":null}},"7":{"start":{"line":17,"column":2},"end":{"line":17,"column":null}},"8":{"start":{"line":18,"column":2},"end":{"line":18,"column":null}}},"fnMap":{"0":{"name":"sanitizeInstructionalText","decl":{"start":{"line":4,"column":16},"end":{"line":4,"column":42}},"loc":{"start":{"line":4,"column":65},"end":{"line":18,"column":null}},"line":4}},"branchMap":{},"s":{"0":5,"1":5,"2":5,"3":5,"4":5,"5":5,"6":5,"7":5,"8":5},"f":{"0":5},"b":{},"meta":{"lastBranch":0,"lastFunction":1,"lastStatement":9,"seen":{"f:4:16:4:42":0,"s:5:10:5:34":0,"s:7:2:7:Infinity":1,"s:8:2:8:Infinity":2,"s:10:2:10:Infinity":3,"s:12:2:12:Infinity":4,"s:14:2:14:Infinity":5,"s:15:2:15:Infinity":6,"s:17:2:17:Infinity":7,"s:18:2:18:Infinity":8}}}
,"/Users/coreyalejandro/Projects/instructional-integrity-ui/lib/artifacts/validateInput.ts": {"path":"/Users/coreyalejandro/Projects/instructional-integrity-ui/lib/artifacts/validateInput.ts","statementMap":{"0":{"start":{"line":8,"column":41},"end":{"line":11,"column":null}},"1":{"start":{"line":13,"column":35},"end":{"line":13,"column":94}},"2":{"start":{"line":16,"column":16},"end":{"line":16,"column":38}},"3":{"start":{"line":17,"column":2},"end":{"line":17,"column":null}},"4":{"start":{"line":21,"column":2},"end":{"line":24,"column":null}},"5":{"start":{"line":22,"column":16},"end":{"line":22,"column":40}},"6":{"start":{"line":23,"column":5},"end":{"line":23,"column":null}},"7":{"start":{"line":24,"column":4},"end":{"line":24,"column":null}},"8":{"start":{"line":26,"column":2},"end":{"line":29,"column":null}},"9":{"start":{"line":27,"column":16},"end":{"line":27,"column":78}},"10":{"start":{"line":28,"column":5},"end":{"line":28,"column":null}},"11":{"start":{"line":29,"column":4},"end":{"line":29,"column":null}},"12":{"start":{"line":39,"column":2},"end":{"line":42,"column":null}},"13":{"start":{"line":40,"column":16},"end":{"line":40,"column":39}},"14":{"start":{"line":41,"column":5},"end":{"line":41,"column":null}},"15":{"start":{"line":42,"column":4},"end":{"line":42,"column":null}},"16":{"start":{"line":44,"column":2},"end":{"line":47,"column":null}},"17":{"start":{"line":45,"column":16},"end":{"line":45,"column":72}},"18":{"start":{"line":46,"column":5},"end":{"line":46,"column":null}},"19":{"start":{"line":47,"column":4},"end":{"line":47,"column":null}},"20":{"start":{"line":49,"column":25},"end":{"line":49,"column":null}},"21":{"start":{"line":50,"column":2},"end":{"line":53,"column":null}},"22":{"start":{"line":51,"column":16},"end":{"line":51,"column":64}},"23":{"start":{"line":52,"column":5},"end":{"line":52,"column":null}},"24":{"start":{"line":53,"column":4},"end":{"line":53,"column":null}},"25":{"start":{"line":55,"column":2},"end":{"line":58,"column":null}},"26":{"start":{"line":56,"column":16},"end":{"line":56,"column":64}},"27":{"start":{"line":57,"column":5},"end":{"line":57,"column":null}},"28":{"start":{"line":58,"column":4},"end":{"line":58,"column":null}},"29":{"start":{"line":60,"column":18},"end":{"line":60,"column":56}},"30":{"start":{"line":61,"column":21},"end":{"line":61,"column":60}},"31":{"start":{"line":62,"column":2},"end":{"line":65,"column":null}},"32":{"start":{"line":63,"column":16},"end":{"line":63,"column":67}},"33":{"start":{"line":64,"column":5},"end":{"line":64,"column":null}},"34":{"start":{"line":65,"column":4},"end":{"line":65,"column":null}},"35":{"start":{"line":67,"column":2},"end":{"line":70,"column":null}},"36":{"start":{"line":68,"column":16},"end":{"line":68,"column":68}},"37":{"start":{"line":69,"column":5},"end":{"line":69,"column":null}},"38":{"start":{"line":70,"column":4},"end":{"line":70,"column":null}}},"fnMap":{"0":{"name":"allowedExtension","decl":{"start":{"line":15,"column":16},"end":{"line":15,"column":33}},"loc":{"start":{"line":15,"column":60},"end":{"line":17,"column":null}},"line":15},"1":{"name":"validatePasteLength","decl":{"start":{"line":20,"column":16},"end":{"line":20,"column":36}},"loc":{"start":{"line":20,"column":99},"end":{"line":29,"column":null}},"line":20},"2":{"name":"validateUploadBuffer","decl":{"start":{"line":33,"column":16},"end":{"line":33,"column":null}},"loc":{"start":{"line":38,"column":8},"end":{"line":70,"column":null}},"line":38}},"branchMap":{"0":{"loc":{"start":{"line":9,"column":25},"end":{"line":9,"column":65}},"type":"binary-expr","locations":[{"start":{"line":9,"column":25},"end":{"line":9,"column":57}},{"start":{"line":9,"column":57},"end":{"line":9,"column":65}}],"line":9},"1":{"loc":{"start":{"line":10,"column":25},"end":{"line":10,"column":null}},"type":"binary-expr","locations":[{"start":{"line":10,"column":25},"end":{"line":10,"column":62}},{"start":{"line":10,"column":62},"end":{"line":10,"column":null}}],"line":10},"2":{"loc":{"start":{"line":17,"column":9},"end":{"line":17,"column":56}},"type":"binary-expr","locations":[{"start":{"line":17,"column":9},"end":{"line":17,"column":31}},{"start":{"line":17,"column":35},"end":{"line":17,"column":56}}],"line":17},"3":{"loc":{"start":{"line":20,"column":50},"end":{"line":20,"column":99}},"type":"default-arg","locations":[{"start":{"line":20,"column":77},"end":{"line":20,"column":99}}],"line":20},"4":{"loc":{"start":{"line":21,"column":2},"end":{"line":24,"column":null}},"type":"if","locations":[{"start":{"line":21,"column":2},"end":{"line":24,"column":null}},{"start":{},"end":{}}],"line":21},"5":{"loc":{"start":{"line":26,"column":2},"end":{"line":29,"column":null}},"type":"if","locations":[{"start":{"line":26,"column":2},"end":{"line":29,"column":null}},{"start":{},"end":{}}],"line":26},"6":{"loc":{"start":{"line":37,"column":2},"end":{"line":37,"column":null}},"type":"default-arg","locations":[{"start":{"line":37,"column":29},"end":{"line":37,"column":null}}],"line":37},"7":{"loc":{"start":{"line":39,"column":2},"end":{"line":42,"column":null}},"type":"if","locations":[{"start":{"line":39,"column":2},"end":{"line":42,"column":null}},{"start":{},"end":{}}],"line":39},"8":{"loc":{"start":{"line":44,"column":2},"end":{"line":47,"column":null}},"type":"if","locations":[{"start":{"line":44,"column":2},"end":{"line":47,"column":null}},{"start":{},"end":{}}],"line":44},"9":{"loc":{"start":{"line":49,"column":25},"end":{"line":49,"column":null}},"type":"binary-expr","locations":[{"start":{"line":49,"column":25},"end":{"line":49,"column":69}},{"start":{"line":49,"column":73},"end":{"line":49,"column":null}}],"line":49},"10":{"loc":{"start":{"line":50,"column":2},"end":{"line":53,"column":null}},"type":"if","locations":[{"start":{"line":50,"column":2},"end":{"line":53,"column":null}},{"start":{},"end":{}}],"line":50},"11":{"loc":{"start":{"line":55,"column":2},"end":{"line":58,"column":null}},"type":"if","locations":[{"start":{"line":55,"column":2},"end":{"line":58,"column":null}},{"start":{},"end":{}}],"line":55},"12":{"loc":{"start":{"line":62,"column":2},"end":{"line":65,"column":null}},"type":"if","locations":[{"start":{"line":62,"column":2},"end":{"line":65,"column":null}},{"start":{},"end":{}}],"line":62},"13":{"loc":{"start":{"line":62,"column":6},"end":{"line":62,"column":79}},"type":"binary-expr","locations":[{"start":{"line":62,"column":6},"end":{"line":62,"column":17}},{"start":{"line":62,"column":17},"end":{"line":62,"column":79}}],"line":62},"14":{"loc":{"start":{"line":67,"column":2},"end":{"line":70,"column":null}},"type":"if","locations":[{"start":{"line":67,"column":2},"end":{"line":70,"column":null}},{"start":{},"end":{}}],"line":67},"15":{"loc":{"start":{"line":67,"column":6},"end":{"line":67,"column":53}},"type":"binary-expr","locations":[{"start":{"line":67,"column":6},"end":{"line":67,"column":20}},{"start":{"line":67,"column":20},"end":{"line":67,"column":53}}],"line":67}},"s":{"0":1,"1":1,"2":0,"3":0,"4":3,"5":2,"6":2,"7":2,"8":1,"9":1,"10":1,"11":1,"12":0,"13":0,"14":0,"15":0,"16":0,"17":0,"18":0,"19":0,"20":0,"21":0,"22":0,"23":0,"24":0,"25":0,"26":0,"27":0,"28":0,"29":0,"30":0,"31":0,"32":0,"33":0,"34":0,"35":0,"36":0,"37":0,"38":0},"f":{"0":0,"1":3,"2":0},"b":{"0":[1,1],"1":[1,1],"2":[0,0],"3":[3],"4":[2,1],"5":[1,0],"6":[0],"7":[0,0],"8":[0,0],"9":[0,0],"10":[0,0],"11":[0,0],"12":[0,0],"13":[0,0],"14":[0,0],"15":[0,0]},"meta":{"lastBranch":16,"lastFunction":3,"lastStatement":39,"seen":{"s:8:41:11:Infinity":0,"b:9:25:9:57:9:57:9:65":0,"b:10:25:10:62:10:62:10:Infinity":1,"s:13:35:13:94":1,"f:15:16:15:33":0,"s:16:16:16:38":2,"s:17:2:17:Infinity":3,"b:17:9:17:31:17:35:17:56":2,"f:20:16:20:36":1,"b:20:77:20:99":3,"b:21:2:24:Infinity:undefined:undefined:undefined:undefined":4,"s:21:2:24:Infinity":4,"s:22:16:22:40":5,"s:23:5:23:Infinity":6,"s:24:4:24:Infinity":7,"b:26:2:29:Infinity:undefined:undefined:undefined:undefined":5,"s:26:2:29:Infinity":8,"s:27:16:27:78":9,"s:28:5:28:Infinity":10,"s:29:4:29:Infinity":11,"f:33:16:33:Infinity":2,"b:37:29:37:Infinity":6,"b:39:2:42:Infinity:undefined:undefined:undefined:undefined":7,"s:39:2:42:Infinity":12,"s:40:16:40:39":13,"s:41:5:41:Infinity":14,"s:42:4:42:Infinity":15,"b:44:2:47:Infinity:undefined:undefined:undefined:undefined":8,"s:44:2:47:Infinity":16,"s:45:16:45:72":17,"s:46:5:46:Infinity":18,"s:47:4:47:Infinity":19,"s:49:25:49:Infinity":20,"b:49:25:49:69:49:73:49:Infinity":9,"b:50:2:53:Infinity:undefined:undefined:undefined:undefined":10,"s:50:2:53:Infinity":21,"s:51:16:51:64":22,"s:52:5:52:Infinity":23,"s:53:4:53:Infinity":24,"b:55:2:58:Infinity:undefined:undefined:undefined:undefined":11,"s:55:2:58:Infinity":25,"s:56:16:56:64":26,"s:57:5:57:Infinity":27,"s:58:4:58:Infinity":28,"s:60:18:60:56":29,"s:61:21:61:60":30,"b:62:2:65:Infinity:undefined:undefined:undefined:undefined":12,"s:62:2:65:Infinity":31,"b:62:6:62:17:62:17:62:79":13,"s:63:16:63:67":32,"s:64:5:64:Infinity":33,"s:65:4:65:Infinity":34,"b:67:2:70:Infinity:undefined:undefined:undefined:undefined":14,"s:67:2:70:Infinity":35,"b:67:6:67:20:67:20:67:53":15,"s:68:16:68:68":36,"s:69:5:69:Infinity":37,"s:70:4:70:Infinity":38}}}
,"/Users/coreyalejandro/Projects/instructional-integrity-ui/lib/domain/errorTypes.ts": {"path":"/Users/coreyalejandro/Projects/instructional-integrity-ui/lib/domain/errorTypes.ts","statementMap":{"0":{"start":{"line":1,"column":27},"end":{"line":17,"column":null}}},"fnMap":{},"branchMap":{},"s":{"0":4},"f":{},"b":{},"meta":{"lastBranch":0,"lastFunction":0,"lastStatement":1,"seen":{"s:1:27:17:Infinity":0}}}
,"/Users/coreyalejandro/Projects/instructional-integrity-ui/lib/domain/evaluationTypes.ts": {"path":"/Users/coreyalejandro/Projects/instructional-integrity-ui/lib/domain/evaluationTypes.ts","statementMap":{},"fnMap":{},"branchMap":{},"s":{},"f":{},"b":{},"meta":{"lastBranch":0,"lastFunction":0,"lastStatement":0,"seen":{}}}
,"/Users/coreyalejandro/Projects/instructional-integrity-ui/lib/domain/failureTypes.ts": {"path":"/Users/coreyalejandro/Projects/instructional-integrity-ui/lib/domain/failureTypes.ts","statementMap":{"0":{"start":{"line":2,"column":33},"end":{"line":13,"column":null}},"1":{"start":{"line":18,"column":2},"end":{"line":18,"column":null}}},"fnMap":{"0":{"name":"isFailureClassId","decl":{"start":{"line":17,"column":16},"end":{"line":17,"column":33}},"loc":{"start":{"line":17,"column":73},"end":{"line":18,"column":null}},"line":17}},"branchMap":{},"s":{"0":0,"1":0},"f":{"0":0},"b":{},"meta":{"lastBranch":0,"lastFunction":1,"lastStatement":2,"seen":{"s:2:33:13:Infinity":0,"f:17:16:17:33":0,"s:18:2:18:Infinity":1}}}
,"/Users/coreyalejandro/Projects/instructional-integrity-ui/lib/domain/verdictTypes.ts": {"path":"/Users/coreyalejandro/Projects/instructional-integrity-ui/lib/domain/verdictTypes.ts","statementMap":{},"fnMap":{},"branchMap":{},"s":{},"f":{},"b":{},"meta":{"lastBranch":0,"lastFunction":0,"lastStatement":0,"seen":{}}}
,"/Users/coreyalejandro/Projects/instructional-integrity-ui/lib/evaluator/classifyFailures.ts": {"path":"/Users/coreyalejandro/Projects/instructional-integrity-ui/lib/evaluator/classifyFailures.ts","statementMap":{"0":{"start":{"line":6,"column":2},"end":{"line":6,"column":null}},"1":{"start":{"line":6,"column":52},"end":{"line":6,"column":69}}},"fnMap":{"0":{"name":"aggregateFailureClasses","decl":{"start":{"line":5,"column":16},"end":{"line":5,"column":40}},"loc":{"start":{"line":5,"column":97},"end":{"line":6,"column":null}},"line":5},"1":{"name":"(anonymous_1)","decl":{"start":{"line":6,"column":37},"end":{"line":6,"column":46}},"loc":{"start":{"line":6,"column":52},"end":{"line":6,"column":69}},"line":6}},"branchMap":{},"s":{"0":1,"1":1},"f":{"0":1,"1":1},"b":{},"meta":{"lastBranch":0,"lastFunction":2,"lastStatement":2,"seen":{"f:5:16:5:40":0,"s:6:2:6:Infinity":0,"f:6:37:6:46":1,"s:6:52:6:69":1}}}
,"/Users/coreyalejandro/Projects/instructional-integrity-ui/lib/evaluator/evaluateArtifact.ts": {"path":"/Users/coreyalejandro/Projects/instructional-integrity-ui/lib/evaluator/evaluateArtifact.ts","statementMap":{"0":{"start":{"line":6,"column":8},"end":{"line":6,"column":28}},"1":{"start":{"line":7,"column":2},"end":{"line":7,"column":null}}},"fnMap":{"0":{"name":"evaluateNormalizedArtifact","decl":{"start":{"line":5,"column":16},"end":{"line":5,"column":43}},"loc":{"start":{"line":5,"column":73},"end":{"line":7,"column":null}},"line":5}},"branchMap":{},"s":{"0":0,"1":0},"f":{"0":0},"b":{},"meta":{"lastBranch":0,"lastFunction":1,"lastStatement":2,"seen":{"f:5:16:5:43":0,"s:6:8:6:28":0,"s:7:2:7:Infinity":1}}}
,"/Users/coreyalejandro/Projects/instructional-integrity-ui/lib/evaluator/evaluatorInterface.ts": {"path":"/Users/coreyalejandro/Projects/instructional-integrity-ui/lib/evaluator/evaluatorInterface.ts","statementMap":{},"fnMap":{},"branchMap":{},"s":{},"f":{},"b":{},"meta":{"lastBranch":0,"lastFunction":0,"lastStatement":0,"seen":{}}}
,"/Users/coreyalejandro/Projects/instructional-integrity-ui/lib/evaluator/ruleBasedTextEvaluator.ts": {"path":"/Users/coreyalejandro/Projects/instructional-integrity-ui/lib/evaluator/ruleBasedTextEvaluator.ts","statementMap":{"0":{"start":{"line":9,"column":21},"end":{"line":9,"column":null}},"1":{"start":{"line":10,"column":26},"end":{"line":10,"column":null}},"2":{"start":{"line":13,"column":2},"end":{"line":13,"column":null}},"3":{"start":{"line":17,"column":2},"end":{"line":18,"column":null}},"4":{"start":{"line":18,"column":4},"end":{"line":18,"column":null}},"5":{"start":{"line":18,"column":23},"end":{"line":18,"column":null}},"6":{"start":{"line":20,"column":2},"end":{"line":20,"column":null}},"7":{"start":{"line":24,"column":12},"end":{"line":24,"column":55}},"8":{"start":{"line":25,"column":2},"end":{"line":25,"column":null}},"9":{"start":{"line":29,"column":12},"end":{"line":29,"column":26}},"10":{"start":{"line":30,"column":2},"end":{"line":30,"column":null}},"11":{"start":{"line":37,"column":36},"end":{"line":37,"column":null}},"12":{"start":{"line":38,"column":13},"end":{"line":38,"column":null}},"13":{"start":{"line":39,"column":17},"end":{"line":39,"column":46}},"14":{"start":{"line":41,"column":2},"end":{"line":219,"column":null}},"15":{"start":{"line":43,"column":30},"end":{"line":43,"column":121}},"16":{"start":{"line":44,"column":23},"end":{"line":44,"column":93}},"17":{"start":{"line":45,"column":18},"end":{"line":45,"column":null}},"18":{"start":{"line":46,"column":6},"end":{"line":47,"column":null}},"19":{"start":{"line":47,"column":8},"end":{"line":47,"column":null}},"20":{"start":{"line":49,"column":6},"end":{"line":49,"column":null}},"21":{"start":{"line":49,"column":20},"end":{"line":49,"column":null}},"22":{"start":{"line":50,"column":35},"end":{"line":50,"column":37}},"23":{"start":{"line":51,"column":6},"end":{"line":51,"column":null}},"24":{"start":{"line":51,"column":27},"end":{"line":51,"column":null}},"25":{"start":{"line":52,"column":6},"end":{"line":52,"column":null}},"26":{"start":{"line":52,"column":47},"end":{"line":52,"column":null}},"27":{"start":{"line":53,"column":6},"end":{"line":61,"column":null}},"28":{"start":{"line":64,"column":20},"end":{"line":64,"column":112}},"29":{"start":{"line":65,"column":35},"end":{"line":65,"column":37}},"30":{"start":{"line":66,"column":18},"end":{"line":66,"column":null}},"31":{"start":{"line":67,"column":6},"end":{"line":70,"column":null}},"32":{"start":{"line":67,"column":17},"end":{"line":67,"column":null}},"33":{"start":{"line":69,"column":8},"end":{"line":69,"column":null}},"34":{"start":{"line":70,"column":8},"end":{"line":70,"column":null}},"35":{"start":{"line":72,"column":6},"end":{"line":78,"column":null}},"36":{"start":{"line":81,"column":21},"end":{"line":81,"column":43}},"37":{"start":{"line":82,"column":24},"end":{"line":82,"column":59}},"38":{"start":{"line":82,"column":45},"end":{"line":82,"column":59}},"39":{"start":{"line":83,"column":35},"end":{"line":83,"column":37}},"40":{"start":{"line":84,"column":18},"end":{"line":84,"column":null}},"41":{"start":{"line":85,"column":6},"end":{"line":87,"column":null}},"42":{"start":{"line":86,"column":8},"end":{"line":86,"column":null}},"43":{"start":{"line":87,"column":8},"end":{"line":87,"column":null}},"44":{"start":{"line":89,"column":6},"end":{"line":89,"column":null}},"45":{"start":{"line":89,"column":60},"end":{"line":89,"column":null}},"46":{"start":{"line":90,"column":6},"end":{"line":96,"column":null}},"47":{"start":{"line":100,"column":8},"end":{"line":101,"column":67}},"48":{"start":{"line":102,"column":18},"end":{"line":102,"column":null}},"49":{"start":{"line":103,"column":35},"end":{"line":103,"column":37}},"50":{"start":{"line":104,"column":6},"end":{"line":106,"column":null}},"51":{"start":{"line":105,"column":8},"end":{"line":105,"column":null}},"52":{"start":{"line":106,"column":8},"end":{"line":106,"column":null}},"53":{"start":{"line":108,"column":6},"end":{"line":114,"column":null}},"54":{"start":{"line":117,"column":23},"end":{"line":117,"column":61}},"55":{"start":{"line":118,"column":22},"end":{"line":118,"column":61}},"56":{"start":{"line":119,"column":18},"end":{"line":119,"column":null}},"57":{"start":{"line":120,"column":6},"end":{"line":120,"column":null}},"58":{"start":{"line":120,"column":34},"end":{"line":120,"column":null}},"59":{"start":{"line":121,"column":35},"end":{"line":121,"column":37}},"60":{"start":{"line":122,"column":6},"end":{"line":124,"column":null}},"61":{"start":{"line":123,"column":8},"end":{"line":123,"column":null}},"62":{"start":{"line":124,"column":8},"end":{"line":124,"column":null}},"63":{"start":{"line":126,"column":6},"end":{"line":132,"column":null}},"64":{"start":{"line":135,"column":24},"end":{"line":135,"column":83}},"65":{"start":{"line":136,"column":18},"end":{"line":136,"column":null}},"66":{"start":{"line":137,"column":35},"end":{"line":137,"column":37}},"67":{"start":{"line":138,"column":6},"end":{"line":140,"column":null}},"68":{"start":{"line":139,"column":8},"end":{"line":139,"column":null}},"69":{"start":{"line":140,"column":8},"end":{"line":140,"column":null}},"70":{"start":{"line":142,"column":6},"end":{"line":148,"column":null}},"71":{"start":{"line":152,"column":8},"end":{"line":152,"column":102}},"72":{"start":{"line":152,"column":38},"end":{"line":152,"column":67}},"73":{"start":{"line":153,"column":18},"end":{"line":153,"column":null}},"74":{"start":{"line":154,"column":35},"end":{"line":154,"column":37}},"75":{"start":{"line":155,"column":6},"end":{"line":157,"column":null}},"76":{"start":{"line":156,"column":8},"end":{"line":156,"column":null}},"77":{"start":{"line":157,"column":8},"end":{"line":157,"column":null}},"78":{"start":{"line":159,"column":6},"end":{"line":165,"column":null}},"79":{"start":{"line":162,"column":40},"end":{"line":162,"column":67}},"80":{"start":{"line":168,"column":26},"end":{"line":168,"column":89}},"81":{"start":{"line":169,"column":18},"end":{"line":169,"column":null}},"82":{"start":{"line":170,"column":35},"end":{"line":170,"column":37}},"83":{"start":{"line":171,"column":6},"end":{"line":172,"column":null}},"84":{"start":{"line":172,"column":8},"end":{"line":172,"column":null}},"85":{"start":{"line":174,"column":6},"end":{"line":181,"column":null}},"86":{"start":{"line":184,"column":20},"end":{"line":184,"column":69}},"87":{"start":{"line":185,"column":18},"end":{"line":185,"column":null}},"88":{"start":{"line":186,"column":35},"end":{"line":186,"column":72}},"89":{"start":{"line":187,"column":6},"end":{"line":193,"column":null}},"90":{"start":{"line":196,"column":24},"end":{"line":196,"column":97}},"91":{"start":{"line":197,"column":22},"end":{"line":197,"column":84}},"92":{"start":{"line":198,"column":18},"end":{"line":198,"column":null}},"93":{"start":{"line":199,"column":35},"end":{"line":199,"column":37}},"94":{"start":{"line":200,"column":6},"end":{"line":202,"column":null}},"95":{"start":{"line":201,"column":8},"end":{"line":201,"column":null}},"96":{"start":{"line":202,"column":8},"end":{"line":202,"column":null}},"97":{"start":{"line":204,"column":6},"end":{"line":210,"column":null}},"98":{"start":{"line":213,"column":6},"end":{"line":219,"column":null}},"99":{"start":{"line":224,"column":16},"end":{"line":224,"column":null}},"100":{"start":{"line":225,"column":2},"end":{"line":225,"column":null}},"101":{"start":{"line":225,"column":21},"end":{"line":225,"column":null}},"102":{"start":{"line":226,"column":2},"end":{"line":226,"column":null}},"103":{"start":{"line":226,"column":21},"end":{"line":226,"column":null}},"104":{"start":{"line":227,"column":2},"end":{"line":227,"column":null}},"105":{"start":{"line":231,"column":56},"end":{"line":231,"column":58}},"106":{"start":{"line":233,"column":2},"end":{"line":256,"column":null}},"107":{"start":{"line":234,"column":15},"end":{"line":234,"column":50}},"108":{"start":{"line":235,"column":20},"end":{"line":235,"column":69}},"109":{"start":{"line":236,"column":33},"end":{"line":236,"column":null}},"110":{"start":{"line":238,"column":4},"end":{"line":256,"column":null}},"111":{"start":{"line":259,"column":18},"end":{"line":259,"column":56}},"112":{"start":{"line":259,"column":47},"end":{"line":259,"column":56}},"113":{"start":{"line":260,"column":15},"end":{"line":260,"column":49}},"114":{"start":{"line":260,"column":40},"end":{"line":260,"column":47}},"115":{"start":{"line":262,"column":4},"end":{"line":269,"column":null}},"116":{"start":{"line":265,"column":50},"end":{"line":265,"column":111}},"117":{"start":{"line":271,"column":19},"end":{"line":271,"column":87}},"118":{"start":{"line":273,"column":2},"end":{"line":283,"column":null}},"119":{"start":{"line":286,"column":49},"end":{"line":292,"column":null}},"120":{"start":{"line":291,"column":34},"end":{"line":291,"column":null}}},"fnMap":{"0":{"name":"clamp","decl":{"start":{"line":12,"column":9},"end":{"line":12,"column":15}},"loc":{"start":{"line":12,"column":53},"end":{"line":13,"column":null}},"line":12},"1":{"name":"firstLineMatching","decl":{"start":{"line":16,"column":9},"end":{"line":16,"column":27}},"loc":{"start":{"line":16,"column":61},"end":{"line":20,"column":null}},"line":16},"2":{"name":"headFraction","decl":{"start":{"line":23,"column":9},"end":{"line":23,"column":22}},"loc":{"start":{"line":23,"column":58},"end":{"line":25,"column":null}},"line":23},"3":{"name":"countMatches","decl":{"start":{"line":28,"column":9},"end":{"line":28,"column":22}},"loc":{"start":{"line":28,"column":56},"end":{"line":30,"column":null}},"line":28},"4":{"name":"evaluateDimension","decl":{"start":{"line":33,"column":9},"end":{"line":33,"column":null}},"loc":{"start":{"line":36,"column":109},"end":{"line":219,"column":null}},"line":36},"5":{"name":"(anonymous_5)","decl":{"start":{"line":82,"column":31},"end":{"line":82,"column":39}},"loc":{"start":{"line":82,"column":45},"end":{"line":82,"column":59}},"line":82},"6":{"name":"(anonymous_6)","decl":{"start":{"line":152,"column":19},"end":{"line":152,"column":27}},"loc":{"start":{"line":152,"column":38},"end":{"line":152,"column":67}},"line":152},"7":{"name":"(anonymous_7)","decl":{"start":{"line":162,"column":28},"end":{"line":162,"column":34}},"loc":{"start":{"line":162,"column":40},"end":{"line":162,"column":67}},"line":162},"8":{"name":"criterionVerdictFromScore","decl":{"start":{"line":223,"column":9},"end":{"line":223,"column":35}},"loc":{"start":{"line":223,"column":94},"end":{"line":227,"column":null}},"line":223},"9":{"name":"runRuleBasedEvaluation","decl":{"start":{"line":230,"column":16},"end":{"line":230,"column":39}},"loc":{"start":{"line":230,"column":126},"end":{"line":283,"column":null}},"line":230},"10":{"name":"(anonymous_10)","decl":{"start":{"line":259,"column":36},"end":{"line":259,"column":41}},"loc":{"start":{"line":259,"column":47},"end":{"line":259,"column":56}},"line":259},"11":{"name":"(anonymous_11)","decl":{"start":{"line":260,"column":23},"end":{"line":260,"column":31}},"loc":{"start":{"line":260,"column":40},"end":{"line":260,"column":47}},"line":260},"12":{"name":"(anonymous_12)","decl":{"start":{"line":265,"column":28},"end":{"line":265,"column":36}},"loc":{"start":{"line":265,"column":50},"end":{"line":265,"column":111}},"line":265},"13":{"name":"(anonymous_13)","decl":{"start":{"line":291,"column":2},"end":{"line":291,"column":13}},"loc":{"start":{"line":291,"column":34},"end":{"line":291,"column":null}},"line":291}},"branchMap":{"0":{"loc":{"start":{"line":12,"column":26},"end":{"line":12,"column":35}},"type":"default-arg","locations":[{"start":{"line":12,"column":32},"end":{"line":12,"column":35}}],"line":12},"1":{"loc":{"start":{"line":12,"column":35},"end":{"line":12,"column":53}},"type":"default-arg","locations":[{"start":{"line":12,"column":41},"end":{"line":12,"column":53}}],"line":12},"2":{"loc":{"start":{"line":18,"column":4},"end":{"line":18,"column":null}},"type":"if","locations":[{"start":{"line":18,"column":4},"end":{"line":18,"column":null}},{"start":{},"end":{}}],"line":18},"3":{"loc":{"start":{"line":20,"column":9},"end":{"line":20,"column":null}},"type":"binary-expr","locations":[{"start":{"line":20,"column":9},"end":{"line":20,"column":50}},{"start":{"line":20,"column":54},"end":{"line":20,"column":null}}],"line":20},"4":{"loc":{"start":{"line":30,"column":9},"end":{"line":30,"column":null}},"type":"cond-expr","locations":[{"start":{"line":30,"column":13},"end":{"line":30,"column":24}},{"start":{"line":30,"column":24},"end":{"line":30,"column":null}}],"line":30},"5":{"loc":{"start":{"line":38,"column":13},"end":{"line":38,"column":null}},"type":"binary-expr","locations":[{"start":{"line":38,"column":13},"end":{"line":38,"column":30}},{"start":{"line":38,"column":30},"end":{"line":38,"column":null}}],"line":38},"6":{"loc":{"start":{"line":41,"column":2},"end":{"line":219,"column":null}},"type":"switch","locations":[{"start":{"line":42,"column":4},"end":{"line":61,"column":null}},{"start":{"line":63,"column":4},"end":{"line":78,"column":null}},{"start":{"line":80,"column":4},"end":{"line":96,"column":null}},{"start":{"line":98,"column":4},"end":{"line":114,"column":null}},{"start":{"line":116,"column":4},"end":{"line":132,"column":null}},{"start":{"line":134,"column":4},"end":{"line":148,"column":null}},{"start":{"line":150,"column":4},"end":{"line":165,"column":null}},{"start":{"line":167,"column":4},"end":{"line":181,"column":null}},{"start":{"line":183,"column":4},"end":{"line":193,"column":null}},{"start":{"line":195,"column":4},"end":{"line":210,"column":null}},{"start":{"line":212,"column":4},"end":{"line":219,"column":null}}],"line":41},"7":{"loc":{"start":{"line":44,"column":23},"end":{"line":44,"column":93}},"type":"binary-expr","locations":[{"start":{"line":44,"column":23},"end":{"line":44,"column":57}},{"start":{"line":44,"column":61},"end":{"line":44,"column":93}}],"line":44},"8":{"loc":{"start":{"line":46,"column":6},"end":{"line":47,"column":null}},"type":"if","locations":[{"start":{"line":46,"column":6},"end":{"line":47,"column":null}},{"start":{},"end":{}}],"line":46},"9":{"loc":{"start":{"line":49,"column":6},"end":{"line":49,"column":null}},"type":"if","locations":[{"start":{"line":49,"column":6},"end":{"line":49,"column":null}},{"start":{},"end":{}}],"line":49},"10":{"loc":{"start":{"line":51,"column":6},"end":{"line":51,"column":null}},"type":"if","locations":[{"start":{"line":51,"column":6},"end":{"line":51,"column":null}},{"start":{},"end":{}}],"line":51},"11":{"loc":{"start":{"line":52,"column":6},"end":{"line":52,"column":null}},"type":"if","locations":[{"start":{"line":52,"column":6},"end":{"line":52,"column":null}},{"start":{},"end":{}}],"line":52},"12":{"loc":{"start":{"line":52,"column":10},"end":{"line":52,"column":47}},"type":"binary-expr","locations":[{"start":{"line":52,"column":10},"end":{"line":52,"column":23}},{"start":{"line":52,"column":23},"end":{"line":52,"column":47}}],"line":52},"13":{"loc":{"start":{"line":57,"column":18},"end":{"line":57,"column":null}},"type":"cond-expr","locations":[{"start":{"line":57,"column":36},"end":{"line":57,"column":56}},{"start":{"line":57,"column":56},"end":{"line":57,"column":null}}],"line":57},"14":{"loc":{"start":{"line":58,"column":19},"end":{"line":60,"column":null}},"type":"cond-expr","locations":[{"start":{"line":59,"column":12},"end":{"line":59,"column":null}},{"start":{"line":60,"column":12},"end":{"line":60,"column":null}}],"line":58},"15":{"loc":{"start":{"line":67,"column":6},"end":{"line":70,"column":null}},"type":"if","locations":[{"start":{"line":67,"column":6},"end":{"line":70,"column":null}},{"start":{"line":68,"column":11},"end":{"line":70,"column":null}}],"line":67},"16":{"loc":{"start":{"line":75,"column":17},"end":{"line":75,"column":103}},"type":"binary-expr","locations":[{"start":{"line":75,"column":17},"end":{"line":75,"column":83}},{"start":{"line":75,"column":87},"end":{"line":75,"column":103}}],"line":75},"17":{"loc":{"start":{"line":77,"column":19},"end":{"line":77,"column":null}},"type":"cond-expr","locations":[{"start":{"line":77,"column":27},"end":{"line":77,"column":62}},{"start":{"line":77,"column":62},"end":{"line":77,"column":null}}],"line":77},"18":{"loc":{"start":{"line":85,"column":6},"end":{"line":87,"column":null}},"type":"if","locations":[{"start":{"line":85,"column":6},"end":{"line":87,"column":null}},{"start":{},"end":{}}],"line":85},"19":{"loc":{"start":{"line":89,"column":6},"end":{"line":89,"column":null}},"type":"if","locations":[{"start":{"line":89,"column":6},"end":{"line":89,"column":null}},{"start":{},"end":{}}],"line":89},"20":{"loc":{"start":{"line":93,"column":17},"end":{"line":93,"column":64}},"type":"binary-expr","locations":[{"start":{"line":93,"column":17},"end":{"line":93,"column":44}},{"start":{"line":93,"column":48},"end":{"line":93,"column":64}}],"line":93},"21":{"loc":{"start":{"line":104,"column":6},"end":{"line":106,"column":null}},"type":"if","locations":[{"start":{"line":104,"column":6},"end":{"line":106,"column":null}},{"start":{},"end":{}}],"line":104},"22":{"loc":{"start":{"line":120,"column":6},"end":{"line":120,"column":null}},"type":"if","locations":[{"start":{"line":120,"column":6},"end":{"line":120,"column":null}},{"start":{},"end":{}}],"line":120},"23":{"loc":{"start":{"line":122,"column":6},"end":{"line":124,"column":null}},"type":"if","locations":[{"start":{"line":122,"column":6},"end":{"line":124,"column":null}},{"start":{},"end":{}}],"line":122},"24":{"loc":{"start":{"line":122,"column":10},"end":{"line":122,"column":62}},"type":"binary-expr","locations":[{"start":{"line":122,"column":10},"end":{"line":122,"column":37}},{"start":{"line":122,"column":37},"end":{"line":122,"column":62}}],"line":122},"25":{"loc":{"start":{"line":129,"column":17},"end":{"line":129,"column":72}},"type":"binary-expr","locations":[{"start":{"line":129,"column":17},"end":{"line":129,"column":45}},{"start":{"line":129,"column":49},"end":{"line":129,"column":72}}],"line":129},"26":{"loc":{"start":{"line":138,"column":6},"end":{"line":140,"column":null}},"type":"if","locations":[{"start":{"line":138,"column":6},"end":{"line":140,"column":null}},{"start":{},"end":{}}],"line":138},"27":{"loc":{"start":{"line":145,"column":17},"end":{"line":145,"column":99}},"type":"binary-expr","locations":[{"start":{"line":145,"column":17},"end":{"line":145,"column":79}},{"start":{"line":145,"column":83},"end":{"line":145,"column":99}}],"line":145},"28":{"loc":{"start":{"line":155,"column":6},"end":{"line":157,"column":null}},"type":"if","locations":[{"start":{"line":155,"column":6},"end":{"line":157,"column":null}},{"start":{},"end":{}}],"line":155},"29":{"loc":{"start":{"line":162,"column":17},"end":{"line":162,"column":102}},"type":"binary-expr","locations":[{"start":{"line":162,"column":17},"end":{"line":162,"column":82}},{"start":{"line":162,"column":86},"end":{"line":162,"column":102}}],"line":162},"30":{"loc":{"start":{"line":169,"column":18},"end":{"line":169,"column":null}},"type":"cond-expr","locations":[{"start":{"line":169,"column":32},"end":{"line":169,"column":36}},{"start":{"line":169,"column":36},"end":{"line":169,"column":null}}],"line":169},"31":{"loc":{"start":{"line":171,"column":6},"end":{"line":172,"column":null}},"type":"if","locations":[{"start":{"line":171,"column":6},"end":{"line":172,"column":null}},{"start":{},"end":{}}],"line":171},"32":{"loc":{"start":{"line":171,"column":10},"end":{"line":171,"column":49}},"type":"binary-expr","locations":[{"start":{"line":171,"column":10},"end":{"line":171,"column":26}},{"start":{"line":171,"column":26},"end":{"line":171,"column":49}}],"line":171},"33":{"loc":{"start":{"line":177,"column":8},"end":{"line":178,"column":null}},"type":"binary-expr","locations":[{"start":{"line":178,"column":11},"end":{"line":178,"column":67}},{"start":{"line":178,"column":71},"end":{"line":178,"column":99}},{"start":{"line":178,"column":104},"end":{"line":178,"column":null}}],"line":177},"34":{"loc":{"start":{"line":185,"column":18},"end":{"line":185,"column":null}},"type":"cond-expr","locations":[{"start":{"line":185,"column":26},"end":{"line":185,"column":30}},{"start":{"line":185,"column":30},"end":{"line":185,"column":null}}],"line":185},"35":{"loc":{"start":{"line":186,"column":35},"end":{"line":186,"column":72}},"type":"cond-expr","locations":[{"start":{"line":186,"column":43},"end":{"line":186,"column":67}},{"start":{"line":186,"column":70},"end":{"line":186,"column":72}}],"line":186},"36":{"loc":{"start":{"line":192,"column":19},"end":{"line":192,"column":null}},"type":"cond-expr","locations":[{"start":{"line":192,"column":27},"end":{"line":192,"column":87}},{"start":{"line":192,"column":87},"end":{"line":192,"column":null}}],"line":192},"37":{"loc":{"start":{"line":200,"column":6},"end":{"line":202,"column":null}},"type":"if","locations":[{"start":{"line":200,"column":6},"end":{"line":202,"column":null}},{"start":{},"end":{}}],"line":200},"38":{"loc":{"start":{"line":200,"column":10},"end":{"line":200,"column":42}},"type":"binary-expr","locations":[{"start":{"line":200,"column":10},"end":{"line":200,"column":27}},{"start":{"line":200,"column":27},"end":{"line":200,"column":42}}],"line":200},"39":{"loc":{"start":{"line":225,"column":2},"end":{"line":225,"column":null}},"type":"if","locations":[{"start":{"line":225,"column":2},"end":{"line":225,"column":null}},{"start":{},"end":{}}],"line":225},"40":{"loc":{"start":{"line":226,"column":2},"end":{"line":226,"column":null}},"type":"if","locations":[{"start":{"line":226,"column":2},"end":{"line":226,"column":null}},{"start":{},"end":{}}],"line":226},"41":{"loc":{"start":{"line":230,"column":69},"end":{"line":230,"column":126}},"type":"default-arg","locations":[{"start":{"line":230,"column":86},"end":{"line":230,"column":126}}],"line":230},"42":{"loc":{"start":{"line":245,"column":23},"end":{"line":245,"column":69}},"type":"binary-expr","locations":[{"start":{"line":245,"column":23},"end":{"line":245,"column":37}},{"start":{"line":245,"column":37},"end":{"line":245,"column":69}}],"line":245},"43":{"loc":{"start":{"line":252,"column":8},"end":{"line":254,"column":null}},"type":"cond-expr","locations":[{"start":{"line":253,"column":12},"end":{"line":253,"column":null}},{"start":{"line":254,"column":12},"end":{"line":254,"column":null}}],"line":252},"44":{"loc":{"start":{"line":262,"column":4},"end":{"line":269,"column":null}},"type":"cond-expr","locations":[{"start":{"line":263,"column":8},"end":{"line":263,"column":null}},{"start":{"line":264,"column":8},"end":{"line":269,"column":null}}],"line":262}},"s":{"0":2,"1":2,"2":70,"3":49,"4":233,"5":22,"6":27,"7":70,"8":70,"9":42,"10":42,"11":70,"12":70,"13":70,"14":70,"15":7,"16":7,"17":7,"18":7,"19":0,"20":7,"21":7,"22":7,"23":7,"24":0,"25":7,"26":0,"27":7,"28":7,"29":7,"30":7,"31":7,"32":4,"33":3,"34":3,"35":7,"36":7,"37":7,"38":144,"39":7,"40":7,"41":7,"42":0,"43":0,"44":7,"45":4,"46":7,"47":7,"48":7,"49":7,"50":7,"51":0,"52":0,"53":7,"54":7,"55":7,"56":7,"57":7,"58":0,"59":7,"60":7,"61":0,"62":0,"63":7,"64":7,"65":7,"66":7,"67":7,"68":0,"69":0,"70":7,"71":7,"72":21,"73":7,"74":7,"75":7,"76":0,"77":0,"78":7,"79":21,"80":7,"81":7,"82":7,"83":7,"84":7,"85":7,"86":7,"87":7,"88":7,"89":7,"90":7,"91":7,"92":7,"93":7,"94":7,"95":0,"96":0,"97":7,"98":0,"99":70,"100":70,"101":53,"102":17,"103":14,"104":3,"105":7,"106":7,"107":70,"108":70,"109":70,"110":70,"111":7,"112":70,"113":7,"114":70,"115":7,"116":70,"117":7,"118":7,"119":2,"120":0},"f":{"0":70,"1":49,"2":70,"3":42,"4":70,"5":144,"6":21,"7":21,"8":70,"9":7,"10":70,"11":70,"12":70,"13":0},"b":{"0":[70],"1":[70],"2":[22,211],"3":[27,0],"4":[18,24],"5":[70,0],"6":[7,7,7,7,7,7,7,7,7,7,0],"7":[7,3],"8":[0,7],"9":[7,0],"10":[0,7],"11":[0,7],"12":[7,0],"13":[0,7],"14":[0,7],"15":[4,3],"16":[7,0],"17":[4,3],"18":[0,7],"19":[4,3],"20":[7,7],"21":[0,7],"22":[0,7],"23":[0,7],"24":[7,0],"25":[7,0],"26":[0,7],"27":[7,0],"28":[0,7],"29":[7,7],"30":[0,7],"31":[7,0],"32":[7,7],"33":[7,0,0],"34":[0,7],"35":[0,7],"36":[0,7],"37":[0,7],"38":[7,0],"39":[53,17],"40":[14,3],"41":[7],"42":[70,0],"43":[53,17],"44":[0,7]},"meta":{"lastBranch":45,"lastFunction":14,"lastStatement":121,"seen":{"s:9:21:9:Infinity":0,"s:10:26:10:Infinity":1,"f:12:9:12:15":0,"b:12:32:12:35":0,"b:12:41:12:53":1,"s:13:2:13:Infinity":2,"f:16:9:16:27":1,"s:17:2:18:Infinity":3,"b:18:4:18:Infinity:undefined:undefined:undefined:undefined":2,"s:18:4:18:Infinity":4,"s:18:23:18:Infinity":5,"s:20:2:20:Infinity":6,"b:20:9:20:50:20:54:20:Infinity":3,"f:23:9:23:22":2,"s:24:12:24:55":7,"s:25:2:25:Infinity":8,"f:28:9:28:22":3,"s:29:12:29:26":9,"s:30:2:30:Infinity":10,"b:30:13:30:24:30:24:30:Infinity":4,"f:33:9:33:Infinity":4,"s:37:36:37:Infinity":11,"s:38:13:38:Infinity":12,"b:38:13:38:30:38:30:38:Infinity":5,"s:39:17:39:46":13,"b:42:4:61:Infinity:63:4:78:Infinity:80:4:96:Infinity:98:4:114:Infinity:116:4:132:Infinity:134:4:148:Infinity:150:4:165:Infinity:167:4:181:Infinity:183:4:193:Infinity:195:4:210:Infinity:212:4:219:Infinity":6,"s:41:2:219:Infinity":14,"s:43:30:43:121":15,"s:44:23:44:93":16,"b:44:23:44:57:44:61:44:93":7,"s:45:18:45:Infinity":17,"b:46:6:47:Infinity:undefined:undefined:undefined:undefined":8,"s:46:6:47:Infinity":18,"s:47:8:47:Infinity":19,"b:49:6:49:Infinity:undefined:undefined:undefined:undefined":9,"s:49:6:49:Infinity":20,"s:49:20:49:Infinity":21,"s:50:35:50:37":22,"b:51:6:51:Infinity:undefined:undefined:undefined:undefined":10,"s:51:6:51:Infinity":23,"s:51:27:51:Infinity":24,"b:52:6:52:Infinity:undefined:undefined:undefined:undefined":11,"s:52:6:52:Infinity":25,"b:52:10:52:23:52:23:52:47":12,"s:52:47:52:Infinity":26,"s:53:6:61:Infinity":27,"b:57:36:57:56:57:56:57:Infinity":13,"b:59:12:59:Infinity:60:12:60:Infinity":14,"s:64:20:64:112":28,"s:65:35:65:37":29,"s:66:18:66:Infinity":30,"b:67:6:70:Infinity:68:11:70:Infinity":15,"s:67:6:70:Infinity":31,"s:67:17:67:Infinity":32,"s:69:8:69:Infinity":33,"s:70:8:70:Infinity":34,"s:72:6:78:Infinity":35,"b:75:17:75:83:75:87:75:103":16,"b:77:27:77:62:77:62:77:Infinity":17,"s:81:21:81:43":36,"s:82:24:82:59":37,"f:82:31:82:39":5,"s:82:45:82:59":38,"s:83:35:83:37":39,"s:84:18:84:Infinity":40,"b:85:6:87:Infinity:undefined:undefined:undefined:undefined":18,"s:85:6:87:Infinity":41,"s:86:8:86:Infinity":42,"s:87:8:87:Infinity":43,"b:89:6:89:Infinity:undefined:undefined:undefined:undefined":19,"s:89:6:89:Infinity":44,"s:89:60:89:Infinity":45,"s:90:6:96:Infinity":46,"b:93:17:93:44:93:48:93:64":20,"s:100:8:101:67":47,"s:102:18:102:Infinity":48,"s:103:35:103:37":49,"b:104:6:106:Infinity:undefined:undefined:undefined:undefined":21,"s:104:6:106:Infinity":50,"s:105:8:105:Infinity":51,"s:106:8:106:Infinity":52,"s:108:6:114:Infinity":53,"s:117:23:117:61":54,"s:118:22:118:61":55,"s:119:18:119:Infinity":56,"b:120:6:120:Infinity:undefined:undefined:undefined:undefined":22,"s:120:6:120:Infinity":57,"s:120:34:120:Infinity":58,"s:121:35:121:37":59,"b:122:6:124:Infinity:undefined:undefined:undefined:undefined":23,"s:122:6:124:Infinity":60,"b:122:10:122:37:122:37:122:62":24,"s:123:8:123:Infinity":61,"s:124:8:124:Infinity":62,"s:126:6:132:Infinity":63,"b:129:17:129:45:129:49:129:72":25,"s:135:24:135:83":64,"s:136:18:136:Infinity":65,"s:137:35:137:37":66,"b:138:6:140:Infinity:undefined:undefined:undefined:undefined":26,"s:138:6:140:Infinity":67,"s:139:8:139:Infinity":68,"s:140:8:140:Infinity":69,"s:142:6:148:Infinity":70,"b:145:17:145:79:145:83:145:99":27,"s:152:8:152:102":71,"f:152:19:152:27":6,"s:152:38:152:67":72,"s:153:18:153:Infinity":73,"s:154:35:154:37":74,"b:155:6:157:Infinity:undefined:undefined:undefined:undefined":28,"s:155:6:157:Infinity":75,"s:156:8:156:Infinity":76,"s:157:8:157:Infinity":77,"s:159:6:165:Infinity":78,"b:162:17:162:82:162:86:162:102":29,"f:162:28:162:34":7,"s:162:40:162:67":79,"s:168:26:168:89":80,"s:169:18:169:Infinity":81,"b:169:32:169:36:169:36:169:Infinity":30,"s:170:35:170:37":82,"b:171:6:172:Infinity:undefined:undefined:undefined:undefined":31,"s:171:6:172:Infinity":83,"b:171:10:171:26:171:26:171:49":32,"s:172:8:172:Infinity":84,"s:174:6:181:Infinity":85,"b:178:11:178:67:178:71:178:99:178:104:178:Infinity":33,"s:184:20:184:69":86,"s:185:18:185:Infinity":87,"b:185:26:185:30:185:30:185:Infinity":34,"s:186:35:186:72":88,"b:186:43:186:67:186:70:186:72":35,"s:187:6:193:Infinity":89,"b:192:27:192:87:192:87:192:Infinity":36,"s:196:24:196:97":90,"s:197:22:197:84":91,"s:198:18:198:Infinity":92,"s:199:35:199:37":93,"b:200:6:202:Infinity:undefined:undefined:undefined:undefined":37,"s:200:6:202:Infinity":94,"b:200:10:200:27:200:27:200:42":38,"s:201:8:201:Infinity":95,"s:202:8:202:Infinity":96,"s:204:6:210:Infinity":97,"s:213:6:219:Infinity":98,"f:223:9:223:35":8,"s:224:16:224:Infinity":99,"b:225:2:225:Infinity:undefined:undefined:undefined:undefined":39,"s:225:2:225:Infinity":100,"s:225:21:225:Infinity":101,"b:226:2:226:Infinity:undefined:undefined:undefined:undefined":40,"s:226:2:226:Infinity":102,"s:226:21:226:Infinity":103,"s:227:2:227:Infinity":104,"f:230:16:230:39":9,"b:230:86:230:126":41,"s:231:56:231:58":105,"s:233:2:256:Infinity":106,"s:234:15:234:50":107,"s:235:20:235:69":108,"s:236:33:236:Infinity":109,"s:238:4:256:Infinity":110,"b:245:23:245:37:245:37:245:69":42,"b:253:12:253:Infinity:254:12:254:Infinity":43,"s:259:18:259:56":111,"f:259:36:259:41":10,"s:259:47:259:56":112,"s:260:15:260:49":113,"f:260:23:260:31":11,"s:260:40:260:47":114,"s:262:4:269:Infinity":115,"b:263:8:263:Infinity:264:8:269:Infinity":44,"f:265:28:265:36":12,"s:265:50:265:111":116,"s:271:19:271:87":117,"s:273:2:283:Infinity":118,"s:286:49:292:Infinity":119,"f:291:2:291:13":13,"s:291:34:291:Infinity":120}}}
,"/Users/coreyalejandro/Projects/instructional-integrity-ui/lib/evaluator/verdict.ts": {"path":"/Users/coreyalejandro/Projects/instructional-integrity-ui/lib/evaluator/verdict.ts","statementMap":{"0":{"start":{"line":12,"column":23},"end":{"line":12,"column":null}},"1":{"start":{"line":12,"column":46},"end":{"line":12,"column":69}},"2":{"start":{"line":13,"column":18},"end":{"line":13,"column":60}},"3":{"start":{"line":13,"column":39},"end":{"line":13,"column":60}},"4":{"start":{"line":14,"column":18},"end":{"line":14,"column":60}},"5":{"start":{"line":14,"column":39},"end":{"line":14,"column":60}},"6":{"start":{"line":15,"column":17},"end":{"line":15,"column":58}},"7":{"start":{"line":15,"column":37},"end":{"line":15,"column":58}},"8":{"start":{"line":16,"column":14},"end":{"line":16,"column":33}},"9":{"start":{"line":17,"column":14},"end":{"line":17,"column":33}},"10":{"start":{"line":18,"column":19},"end":{"line":18,"column":127}},"11":{"start":{"line":18,"column":106},"end":{"line":18,"column":127}},"12":{"start":{"line":20,"column":28},"end":{"line":21,"column":null}},"13":{"start":{"line":21,"column":36},"end":{"line":21,"column":53}},"14":{"start":{"line":24,"column":2},"end":{"line":25,"column":null}},"15":{"start":{"line":25,"column":4},"end":{"line":25,"column":null}},"16":{"start":{"line":27,"column":2},"end":{"line":28,"column":null}},"17":{"start":{"line":28,"column":4},"end":{"line":28,"column":null}},"18":{"start":{"line":30,"column":2},"end":{"line":31,"column":null}},"19":{"start":{"line":31,"column":4},"end":{"line":31,"column":null}},"20":{"start":{"line":33,"column":2},"end":{"line":33,"column":null}}},"fnMap":{"0":{"name":"computeVerdictFromCriteria","decl":{"start":{"line":8,"column":16},"end":{"line":8,"column":43}},"loc":{"start":{"line":11,"column":2},"end":{"line":33,"column":null}},"line":11},"1":{"name":"(anonymous_1)","decl":{"start":{"line":12,"column":32},"end":{"line":12,"column":40}},"loc":{"start":{"line":12,"column":46},"end":{"line":12,"column":69}},"line":12},"2":{"name":"(anonymous_2)","decl":{"start":{"line":13,"column":27},"end":{"line":13,"column":33}},"loc":{"start":{"line":13,"column":39},"end":{"line":13,"column":60}},"line":13},"3":{"name":"(anonymous_3)","decl":{"start":{"line":14,"column":27},"end":{"line":14,"column":33}},"loc":{"start":{"line":14,"column":39},"end":{"line":14,"column":60}},"line":14},"4":{"name":"(anonymous_4)","decl":{"start":{"line":15,"column":26},"end":{"line":15,"column":31}},"loc":{"start":{"line":15,"column":37},"end":{"line":15,"column":58}},"line":15},"5":{"name":"(anonymous_5)","decl":{"start":{"line":18,"column":94},"end":{"line":18,"column":100}},"loc":{"start":{"line":18,"column":106},"end":{"line":18,"column":127}},"line":18},"6":{"name":"(anonymous_6)","decl":{"start":{"line":21,"column":21},"end":{"line":21,"column":30}},"loc":{"start":{"line":21,"column":36},"end":{"line":21,"column":53}},"line":21}},"branchMap":{"0":{"loc":{"start":{"line":18,"column":19},"end":{"line":18,"column":127}},"type":"binary-expr","locations":[{"start":{"line":18,"column":19},"end":{"line":18,"column":39}},{"start":{"line":18,"column":39},"end":{"line":18,"column":81}},{"start":{"line":18,"column":85},"end":{"line":18,"column":127}}],"line":18},"1":{"loc":{"start":{"line":24,"column":2},"end":{"line":25,"column":null}},"type":"if","locations":[{"start":{"line":24,"column":2},"end":{"line":25,"column":null}},{"start":{},"end":{}}],"line":24},"2":{"loc":{"start":{"line":27,"column":2},"end":{"line":28,"column":null}},"type":"if","locations":[{"start":{"line":27,"column":2},"end":{"line":28,"column":null}},{"start":{},"end":{}}],"line":27},"3":{"loc":{"start":{"line":27,"column":6},"end":{"line":27,"column":37}},"type":"binary-expr","locations":[{"start":{"line":27,"column":6},"end":{"line":27,"column":27}},{"start":{"line":27,"column":27},"end":{"line":27,"column":37}}],"line":27},"4":{"loc":{"start":{"line":30,"column":2},"end":{"line":31,"column":null}},"type":"if","locations":[{"start":{"line":30,"column":2},"end":{"line":31,"column":null}},{"start":{},"end":{}}],"line":30}},"s":{"0":9,"1":73,"2":9,"3":49,"4":9,"5":38,"6":9,"7":73,"8":9,"9":9,"10":9,"11":1,"12":9,"13":73,"14":9,"15":4,"16":5,"17":0,"18":5,"19":4,"20":1},"f":{"0":9,"1":73,"2":49,"3":38,"4":73,"5":1,"6":73},"b":{"0":[9,1,1],"1":[4,5],"2":[0,5],"3":[5,5],"4":[4,1]},"meta":{"lastBranch":5,"lastFunction":7,"lastStatement":21,"seen":{"f:8:16:8:43":0,"s:12:23:12:Infinity":0,"f:12:32:12:40":1,"s:12:46:12:69":1,"s:13:18:13:60":2,"f:13:27:13:33":2,"s:13:39:13:60":3,"s:14:18:14:60":4,"f:14:27:14:33":3,"s:14:39:14:60":5,"s:15:17:15:58":6,"f:15:26:15:31":4,"s:15:37:15:58":7,"s:16:14:16:33":8,"s:17:14:17:33":9,"s:18:19:18:127":10,"b:18:19:18:39:18:39:18:81:18:85:18:127":0,"f:18:94:18:100":5,"s:18:106:18:127":11,"s:20:28:21:Infinity":12,"f:21:21:21:30":6,"s:21:36:21:53":13,"b:24:2:25:Infinity:undefined:undefined:undefined:undefined":1,"s:24:2:25:Infinity":14,"s:25:4:25:Infinity":15,"b:27:2:28:Infinity:undefined:undefined:undefined:undefined":2,"s:27:2:28:Infinity":16,"b:27:6:27:27:27:27:27:37":3,"s:28:4:28:Infinity":17,"b:30:2:31:Infinity:undefined:undefined:undefined:undefined":4,"s:30:2:31:Infinity":18,"s:31:4:31:Infinity":19,"s:33:2:33:Infinity":20}}}
,"/Users/coreyalejandro/Projects/instructional-integrity-ui/lib/evidence/extractEvidence.ts": {"path":"/Users/coreyalejandro/Projects/instructional-integrity-ui/lib/evidence/extractEvidence.ts","statementMap":{"0":{"start":{"line":5,"column":2},"end":{"line":5,"column":null}}},"fnMap":{"0":{"name":"attachEvidencePlaceholder","decl":{"start":{"line":4,"column":16},"end":{"line":4,"column":42}},"loc":{"start":{"line":4,"column":112},"end":{"line":5,"column":null}},"line":4}},"branchMap":{},"s":{"0":0},"f":{"0":0},"b":{},"meta":{"lastBranch":0,"lastFunction":1,"lastStatement":1,"seen":{"f:4:16:4:42":0,"s:5:2:5:Infinity":0}}}
,"/Users/coreyalejandro/Projects/instructional-integrity-ui/lib/logging/logger.ts": {"path":"/Users/coreyalejandro/Projects/instructional-integrity-ui/lib/logging/logger.ts","statementMap":{"0":{"start":{"line":3,"column":26},"end":{"line":3,"column":null}},"1":{"start":{"line":6,"column":2},"end":{"line":10,"column":null}},"2":{"start":{"line":7,"column":4},"end":{"line":10,"column":null}},"3":{"start":{"line":12,"column":2},"end":{"line":12,"column":null}}},"fnMap":{"0":{"name":"getLogger","decl":{"start":{"line":5,"column":16},"end":{"line":5,"column":36}},"loc":{"start":{"line":5,"column":36},"end":{"line":12,"column":null}},"line":5}},"branchMap":{"0":{"loc":{"start":{"line":6,"column":2},"end":{"line":10,"column":null}},"type":"if","locations":[{"start":{"line":6,"column":2},"end":{"line":10,"column":null}},{"start":{},"end":{}}],"line":6},"1":{"loc":{"start":{"line":8,"column":13},"end":{"line":8,"column":null}},"type":"binary-expr","locations":[{"start":{"line":8,"column":13},"end":{"line":8,"column":38}},{"start":{"line":8,"column":38},"end":{"line":8,"column":null}}],"line":8}},"s":{"0":0,"1":0,"2":0,"3":0},"f":{"0":0},"b":{"0":[0,0],"1":[0,0]},"meta":{"lastBranch":2,"lastFunction":1,"lastStatement":4,"seen":{"s:3:26:3:Infinity":0,"f:5:16:5:36":0,"b:6:2:10:Infinity:undefined:undefined:undefined:undefined":0,"s:6:2:10:Infinity":1,"s:7:4:10:Infinity":2,"b:8:13:8:38:8:38:8:Infinity":1,"s:12:2:12:Infinity":3}}}
,"/Users/coreyalejandro/Projects/instructional-integrity-ui/lib/persistence/createEvaluationRun.ts": {"path":"/Users/coreyalejandro/Projects/instructional-integrity-ui/lib/persistence/createEvaluationRun.ts","statementMap":{"0":{"start":{"line":7,"column":2},"end":{"line":17,"column":null}},"1":{"start":{"line":9,"column":6},"end":{"line":9,"column":null}},"2":{"start":{"line":11,"column":6},"end":{"line":11,"column":null}},"3":{"start":{"line":13,"column":6},"end":{"line":13,"column":null}},"4":{"start":{"line":15,"column":6},"end":{"line":15,"column":null}},"5":{"start":{"line":17,"column":6},"end":{"line":17,"column":null}},"6":{"start":{"line":22,"column":2},"end":{"line":30,"column":null}},"7":{"start":{"line":24,"column":6},"end":{"line":24,"column":null}},"8":{"start":{"line":26,"column":6},"end":{"line":26,"column":null}},"9":{"start":{"line":28,"column":6},"end":{"line":28,"column":null}},"10":{"start":{"line":30,"column":6},"end":{"line":30,"column":null}},"11":{"start":{"line":43,"column":8},"end":{"line":43,"column":25}},"12":{"start":{"line":44,"column":2},"end":{"line":116,"column":null}},"13":{"start":{"line":45,"column":4},"end":{"line":113,"column":null}},"14":{"start":{"line":46,"column":6},"end":{"line":50,"column":null}},"15":{"start":{"line":52,"column":23},"end":{"line":61,"column":8}},"16":{"start":{"line":63,"column":18},"end":{"line":78,"column":8}},"17":{"start":{"line":80,"column":6},"end":{"line":108,"column":null}},"18":{"start":{"line":81,"column":20},"end":{"line":91,"column":10}},"19":{"start":{"line":92,"column":8},"end":{"line":100,"column":null}},"20":{"start":{"line":93,"column":10},"end":{"line":100,"column":null}},"21":{"start":{"line":102,"column":8},"end":{"line":108,"column":null}},"22":{"start":{"line":103,"column":10},"end":{"line":108,"column":null}},"23":{"start":{"line":112,"column":6},"end":{"line":112,"column":null}},"24":{"start":{"line":115,"column":4},"end":{"line":115,"column":null}},"25":{"start":{"line":116,"column":4},"end":{"line":116,"column":null}}},"fnMap":{"0":{"name":"mapVerdict","decl":{"start":{"line":6,"column":9},"end":{"line":6,"column":20}},"loc":{"start":{"line":6,"column":80},"end":{"line":17,"column":null}},"line":6},"1":{"name":"mapCriterionVerdict","decl":{"start":{"line":21,"column":9},"end":{"line":21,"column":29}},"loc":{"start":{"line":21,"column":66},"end":{"line":30,"column":null}},"line":21},"2":{"name":"createEvaluationRunRecord","decl":{"start":{"line":34,"column":22},"end":{"line":34,"column":48}},"loc":{"start":{"line":42,"column":3},"end":{"line":116,"column":null}},"line":42},"3":{"name":"(anonymous_3)","decl":{"start":{"line":45,"column":37},"end":{"line":45,"column":44}},"loc":{"start":{"line":45,"column":51},"end":{"line":113,"column":null}},"line":45}},"branchMap":{"0":{"loc":{"start":{"line":7,"column":2},"end":{"line":17,"column":null}},"type":"switch","locations":[{"start":{"line":8,"column":4},"end":{"line":9,"column":null}},{"start":{"line":10,"column":4},"end":{"line":11,"column":null}},{"start":{"line":12,"column":4},"end":{"line":13,"column":null}},{"start":{"line":14,"column":4},"end":{"line":15,"column":null}},{"start":{"line":16,"column":4},"end":{"line":17,"column":null}}],"line":7},"1":{"loc":{"start":{"line":22,"column":2},"end":{"line":30,"column":null}},"type":"switch","locations":[{"start":{"line":23,"column":4},"end":{"line":24,"column":null}},{"start":{"line":25,"column":4},"end":{"line":26,"column":null}},{"start":{"line":27,"column":4},"end":{"line":28,"column":null}},{"start":{"line":29,"column":4},"end":{"line":30,"column":null}}],"line":22},"2":{"loc":{"start":{"line":58,"column":20},"end":{"line":58,"column":null}},"type":"binary-expr","locations":[{"start":{"line":58,"column":20},"end":{"line":58,"column":38}},{"start":{"line":58,"column":38},"end":{"line":58,"column":null}}],"line":58},"3":{"loc":{"start":{"line":59,"column":20},"end":{"line":59,"column":null}},"type":"binary-expr","locations":[{"start":{"line":59,"column":20},"end":{"line":59,"column":38}},{"start":{"line":59,"column":38},"end":{"line":59,"column":null}}],"line":59},"4":{"loc":{"start":{"line":67,"column":18},"end":{"line":67,"column":null}},"type":"cond-expr","locations":[{"start":{"line":67,"column":55},"end":{"line":67,"column":68}},{"start":{"line":67,"column":68},"end":{"line":67,"column":null}}],"line":67}},"s":{"0":0,"1":0,"2":0,"3":0,"4":0,"5":0,"6":0,"7":0,"8":0,"9":0,"10":0,"11":0,"12":0,"13":0,"14":0,"15":0,"16":0,"17":0,"18":0,"19":0,"20":0,"21":0,"22":0,"23":0,"24":0,"25":0},"f":{"0":0,"1":0,"2":0,"3":0},"b":{"0":[0,0,0,0,0],"1":[0,0,0,0],"2":[0,0],"3":[0,0],"4":[0,0]},"meta":{"lastBranch":5,"lastFunction":4,"lastStatement":26,"seen":{"f:6:9:6:20":0,"b:8:4:9:Infinity:10:4:11:Infinity:12:4:13:Infinity:14:4:15:Infinity:16:4:17:Infinity":0,"s:7:2:17:Infinity":0,"s:9:6:9:Infinity":1,"s:11:6:11:Infinity":2,"s:13:6:13:Infinity":3,"s:15:6:15:Infinity":4,"s:17:6:17:Infinity":5,"f:21:9:21:29":1,"b:23:4:24:Infinity:25:4:26:Infinity:27:4:28:Infinity:29:4:30:Infinity":1,"s:22:2:30:Infinity":6,"s:24:6:24:Infinity":7,"s:26:6:26:Infinity":8,"s:28:6:28:Infinity":9,"s:30:6:30:Infinity":10,"f:34:22:34:48":2,"s:43:8:43:25":11,"s:44:2:116:Infinity":12,"s:45:4:113:Infinity":13,"f:45:37:45:44":3,"s:46:6:50:Infinity":14,"s:52:23:61:8":15,"b:58:20:58:38:58:38:58:Infinity":2,"b:59:20:59:38:59:38:59:Infinity":3,"s:63:18:78:8":16,"b:67:55:67:68:67:68:67:Infinity":4,"s:80:6:108:Infinity":17,"s:81:20:91:10":18,"s:92:8:100:Infinity":19,"s:93:10:100:Infinity":20,"s:102:8:108:Infinity":21,"s:103:10:108:Infinity":22,"s:112:6:112:Infinity":23,"s:115:4:115:Infinity":24,"s:116:4:116:Infinity":25}}}
,"/Users/coreyalejandro/Projects/instructional-integrity-ui/lib/persistence/deleteEvaluationRun.ts": {"path":"/Users/coreyalejandro/Projects/instructional-integrity-ui/lib/persistence/deleteEvaluationRun.ts","statementMap":{"0":{"start":{"line":5,"column":8},"end":{"line":5,"column":25}},"1":{"start":{"line":6,"column":19},"end":{"line":8,"column":4}},"2":{"start":{"line":9,"column":2},"end":{"line":9,"column":null}},"3":{"start":{"line":9,"column":17},"end":{"line":9,"column":null}},"4":{"start":{"line":11,"column":21},"end":{"line":11,"column":null}},"5":{"start":{"line":13,"column":2},"end":{"line":26,"column":null}},"6":{"start":{"line":14,"column":4},"end":{"line":20,"column":null}},"7":{"start":{"line":21,"column":4},"end":{"line":21,"column":null}},"8":{"start":{"line":22,"column":22},"end":{"line":22,"column":77}},"9":{"start":{"line":23,"column":4},"end":{"line":24,"column":null}},"10":{"start":{"line":24,"column":6},"end":{"line":24,"column":null}},"11":{"start":{"line":28,"column":2},"end":{"line":28,"column":null}},"12":{"start":{"line":29,"column":2},"end":{"line":29,"column":null}}},"fnMap":{"0":{"name":"deleteEvaluationRunForSession","decl":{"start":{"line":4,"column":22},"end":{"line":4,"column":52}},"loc":{"start":{"line":4,"column":86},"end":{"line":29,"column":null}},"line":4},"1":{"name":"(anonymous_1)","decl":{"start":{"line":13,"column":28},"end":{"line":13,"column":35}},"loc":{"start":{"line":13,"column":42},"end":{"line":26,"column":null}},"line":13}},"branchMap":{"0":{"loc":{"start":{"line":9,"column":2},"end":{"line":9,"column":null}},"type":"if","locations":[{"start":{"line":9,"column":2},"end":{"line":9,"column":null}},{"start":{},"end":{}}],"line":9},"1":{"loc":{"start":{"line":23,"column":4},"end":{"line":24,"column":null}},"type":"if","locations":[{"start":{"line":23,"column":4},"end":{"line":24,"column":null}},{"start":{},"end":{}}],"line":23}},"s":{"0":0,"1":0,"2":0,"3":0,"4":0,"5":0,"6":0,"7":0,"8":0,"9":0,"10":0,"11":0,"12":0},"f":{"0":0,"1":0},"b":{"0":[0,0],"1":[0,0]},"meta":{"lastBranch":2,"lastFunction":2,"lastStatement":13,"seen":{"f:4:22:4:52":0,"s:5:8:5:25":0,"s:6:19:8:4":1,"b:9:2:9:Infinity:undefined:undefined:undefined:undefined":0,"s:9:2:9:Infinity":2,"s:9:17:9:Infinity":3,"s:11:21:11:Infinity":4,"s:13:2:26:Infinity":5,"f:13:28:13:35":1,"s:14:4:20:Infinity":6,"s:21:4:21:Infinity":7,"s:22:22:22:77":8,"b:23:4:24:Infinity:undefined:undefined:undefined:undefined":1,"s:23:4:24:Infinity":9,"s:24:6:24:Infinity":10,"s:28:2:28:Infinity":11,"s:29:2:29:Infinity":12}}}
,"/Users/coreyalejandro/Projects/instructional-integrity-ui/lib/persistence/getEvaluationRun.ts": {"path":"/Users/coreyalejandro/Projects/instructional-integrity-ui/lib/persistence/getEvaluationRun.ts","statementMap":{"0":{"start":{"line":4,"column":2},"end":{"line":16,"column":null}}},"fnMap":{"0":{"name":"getEvaluationRunForSession","decl":{"start":{"line":3,"column":22},"end":{"line":3,"column":49}},"loc":{"start":{"line":3,"column":83},"end":{"line":16,"column":null}},"line":3}},"branchMap":{},"s":{"0":0},"f":{"0":0},"b":{},"meta":{"lastBranch":0,"lastFunction":1,"lastStatement":1,"seen":{"f:3:22:3:49":0,"s:4:2:16:Infinity":0}}}
,"/Users/coreyalejandro/Projects/instructional-integrity-ui/lib/persistence/listEvaluationRuns.ts": {"path":"/Users/coreyalejandro/Projects/instructional-integrity-ui/lib/persistence/listEvaluationRuns.ts","statementMap":{"0":{"start":{"line":3,"column":20},"end":{"line":9,"column":null}},"1":{"start":{"line":12,"column":2},"end":{"line":19,"column":null}},"2":{"start":{"line":23,"column":2},"end":{"line":28,"column":null}}},"fnMap":{"0":{"name":"listEvaluationRunsForSession","decl":{"start":{"line":11,"column":22},"end":{"line":11,"column":51}},"loc":{"start":{"line":11,"column":83},"end":{"line":19,"column":null}},"line":11},"1":{"name":"listEvaluationRunsDetailedForSession","decl":{"start":{"line":22,"column":22},"end":{"line":22,"column":59}},"loc":{"start":{"line":22,"column":91},"end":{"line":28,"column":null}},"line":22}},"branchMap":{"0":{"loc":{"start":{"line":11,"column":70},"end":{"line":11,"column":83}},"type":"default-arg","locations":[{"start":{"line":11,"column":78},"end":{"line":11,"column":83}}],"line":11},"1":{"loc":{"start":{"line":22,"column":78},"end":{"line":22,"column":91}},"type":"default-arg","locations":[{"start":{"line":22,"column":86},"end":{"line":22,"column":91}}],"line":22}},"s":{"0":0,"1":0,"2":0},"f":{"0":0,"1":0},"b":{"0":[0],"1":[0]},"meta":{"lastBranch":2,"lastFunction":2,"lastStatement":3,"seen":{"s:3:20:9:Infinity":0,"f:11:22:11:51":0,"b:11:78:11:83":0,"s:12:2:19:Infinity":1,"f:22:22:22:59":1,"b:22:86:22:91":1,"s:23:2:28:Infinity":2}}}
,"/Users/coreyalejandro/Projects/instructional-integrity-ui/lib/reporting/exportJsonReport.ts": {"path":"/Users/coreyalejandro/Projects/instructional-integrity-ui/lib/reporting/exportJsonReport.ts","statementMap":{"0":{"start":{"line":13,"column":2},"end":{"line":38,"column":null}},"1":{"start":{"line":18,"column":47},"end":{"line":30,"column":7}},"2":{"start":{"line":23,"column":39},"end":{"line":27,"column":9}},"3":{"start":{"line":28,"column":50},"end":{"line":28,"column":60}},"4":{"start":{"line":42,"column":2},"end":{"line":52,"column":null}},"5":{"start":{"line":44,"column":6},"end":{"line":44,"column":null}},"6":{"start":{"line":46,"column":6},"end":{"line":46,"column":null}},"7":{"start":{"line":48,"column":6},"end":{"line":48,"column":null}},"8":{"start":{"line":50,"column":6},"end":{"line":50,"column":null}},"9":{"start":{"line":52,"column":6},"end":{"line":52,"column":null}},"10":{"start":{"line":57,"column":2},"end":{"line":65,"column":null}},"11":{"start":{"line":59,"column":6},"end":{"line":59,"column":null}},"12":{"start":{"line":61,"column":6},"end":{"line":61,"column":null}},"13":{"start":{"line":63,"column":6},"end":{"line":63,"column":null}},"14":{"start":{"line":65,"column":6},"end":{"line":65,"column":null}}},"fnMap":{"0":{"name":"buildJsonExportPayload","decl":{"start":{"line":12,"column":16},"end":{"line":12,"column":39}},"loc":{"start":{"line":12,"column":62},"end":{"line":38,"column":null}},"line":12},"1":{"name":"(anonymous_1)","decl":{"start":{"line":18,"column":35},"end":{"line":18,"column":40}},"loc":{"start":{"line":18,"column":47},"end":{"line":30,"column":7}},"line":18},"2":{"name":"(anonymous_2)","decl":{"start":{"line":23,"column":27},"end":{"line":23,"column":32}},"loc":{"start":{"line":23,"column":39},"end":{"line":27,"column":9}},"line":23},"3":{"name":"(anonymous_3)","decl":{"start":{"line":28,"column":39},"end":{"line":28,"column":44}},"loc":{"start":{"line":28,"column":50},"end":{"line":28,"column":60}},"line":28},"4":{"name":"mapVerdict","decl":{"start":{"line":41,"column":9},"end":{"line":41,"column":20}},"loc":{"start":{"line":41,"column":80},"end":{"line":52,"column":null}},"line":41},"5":{"name":"mapCriterionVerdict","decl":{"start":{"line":56,"column":9},"end":{"line":56,"column":29}},"loc":{"start":{"line":56,"column":66},"end":{"line":65,"column":null}},"line":56}},"branchMap":{"0":{"loc":{"start":{"line":15,"column":12},"end":{"line":15,"column":null}},"type":"cond-expr","locations":[{"start":{"line":15,"column":40},"end":{"line":15,"column":53}},{"start":{"line":15,"column":53},"end":{"line":15,"column":null}}],"line":15},"1":{"loc":{"start":{"line":33,"column":19},"end":{"line":33,"column":null}},"type":"binary-expr","locations":[{"start":{"line":33,"column":19},"end":{"line":33,"column":41}},{"start":{"line":33,"column":41},"end":{"line":33,"column":null}}],"line":33},"2":{"loc":{"start":{"line":42,"column":2},"end":{"line":52,"column":null}},"type":"switch","locations":[{"start":{"line":43,"column":4},"end":{"line":44,"column":null}},{"start":{"line":45,"column":4},"end":{"line":46,"column":null}},{"start":{"line":47,"column":4},"end":{"line":48,"column":null}},{"start":{"line":49,"column":4},"end":{"line":50,"column":null}},{"start":{"line":51,"column":4},"end":{"line":52,"column":null}}],"line":42},"3":{"loc":{"start":{"line":57,"column":2},"end":{"line":65,"column":null}},"type":"switch","locations":[{"start":{"line":58,"column":4},"end":{"line":59,"column":null}},{"start":{"line":60,"column":4},"end":{"line":61,"column":null}},{"start":{"line":62,"column":4},"end":{"line":63,"column":null}},{"start":{"line":64,"column":4},"end":{"line":65,"column":null}}],"line":57}},"s":{"0":0,"1":0,"2":0,"3":0,"4":0,"5":0,"6":0,"7":0,"8":0,"9":0,"10":0,"11":0,"12":0,"13":0,"14":0},"f":{"0":0,"1":0,"2":0,"3":0,"4":0,"5":0},"b":{"0":[0,0],"1":[0,0],"2":[0,0,0,0,0],"3":[0,0,0,0]},"meta":{"lastBranch":4,"lastFunction":6,"lastStatement":15,"seen":{"f:12:16:12:39":0,"s:13:2:38:Infinity":0,"b:15:40:15:53:15:53:15:Infinity":0,"f:18:35:18:40":1,"s:18:47:30:7":1,"f:23:27:23:32":2,"s:23:39:27:9":2,"f:28:39:28:44":3,"s:28:50:28:60":3,"b:33:19:33:41:33:41:33:Infinity":1,"f:41:9:41:20":4,"b:43:4:44:Infinity:45:4:46:Infinity:47:4:48:Infinity:49:4:50:Infinity:51:4:52:Infinity":2,"s:42:2:52:Infinity":4,"s:44:6:44:Infinity":5,"s:46:6:46:Infinity":6,"s:48:6:48:Infinity":7,"s:50:6:50:Infinity":8,"s:52:6:52:Infinity":9,"f:56:9:56:29":5,"b:58:4:59:Infinity:60:4:61:Infinity:62:4:63:Infinity:64:4:65:Infinity":3,"s:57:2:65:Infinity":10,"s:59:6:59:Infinity":11,"s:61:6:61:Infinity":12,"s:63:6:63:Infinity":13,"s:65:6:65:Infinity":14}}}
,"/Users/coreyalejandro/Projects/instructional-integrity-ui/lib/reporting/exportMarkdownReport.ts": {"path":"/Users/coreyalejandro/Projects/instructional-integrity-ui/lib/reporting/exportMarkdownReport.ts","statementMap":{"0":{"start":{"line":14,"column":8},"end":{"line":14,"column":77}},"1":{"start":{"line":15,"column":26},"end":{"line":32,"column":null}},"2":{"start":{"line":34,"column":2},"end":{"line":41,"column":null}},"3":{"start":{"line":35,"column":4},"end":{"line":35,"column":null}},"4":{"start":{"line":36,"column":4},"end":{"line":36,"column":null}},"5":{"start":{"line":37,"column":4},"end":{"line":37,"column":null}},"6":{"start":{"line":38,"column":4},"end":{"line":39,"column":null}},"7":{"start":{"line":39,"column":6},"end":{"line":39,"column":null}},"8":{"start":{"line":41,"column":4},"end":{"line":41,"column":null}},"9":{"start":{"line":41,"column":71},"end":{"line":41,"column":88}},"10":{"start":{"line":44,"column":2},"end":{"line":44,"column":null}}},"fnMap":{"0":{"name":"buildMarkdownExport","decl":{"start":{"line":13,"column":16},"end":{"line":13,"column":36}},"loc":{"start":{"line":13,"column":67},"end":{"line":44,"column":null}},"line":13},"1":{"name":"(anonymous_1)","decl":{"start":{"line":41,"column":60},"end":{"line":41,"column":65}},"loc":{"start":{"line":41,"column":71},"end":{"line":41,"column":88}},"line":41}},"branchMap":{"0":{"loc":{"start":{"line":14,"column":35},"end":{"line":14,"column":77}},"type":"binary-expr","locations":[{"start":{"line":14,"column":35},"end":{"line":14,"column":57}},{"start":{"line":14,"column":57},"end":{"line":14,"column":77}}],"line":14}},"s":{"0":0,"1":0,"2":0,"3":0,"4":0,"5":0,"6":0,"7":0,"8":0,"9":0,"10":0},"f":{"0":0,"1":0},"b":{"0":[0,0]},"meta":{"lastBranch":1,"lastFunction":2,"lastStatement":11,"seen":{"f:13:16:13:36":0,"s:14:8:14:77":0,"b:14:35:14:57:14:57:14:77":0,"s:15:26:32:Infinity":1,"s:34:2:41:Infinity":2,"s:35:4:35:Infinity":3,"s:36:4:36:Infinity":4,"s:37:4:37:Infinity":5,"s:38:4:39:Infinity":6,"s:39:6:39:Infinity":7,"s:41:4:41:Infinity":8,"f:41:60:41:65":1,"s:41:71:41:88":9,"s:44:2:44:Infinity":10}}}
,"/Users/coreyalejandro/Projects/instructional-integrity-ui/lib/reporting/sanitizeExportContent.ts": {"path":"/Users/coreyalejandro/Projects/instructional-integrity-ui/lib/reporting/sanitizeExportContent.ts","statementMap":{"0":{"start":{"line":3,"column":2},"end":{"line":6,"column":null}}},"fnMap":{"0":{"name":"sanitizeExportText","decl":{"start":{"line":2,"column":16},"end":{"line":2,"column":35}},"loc":{"start":{"line":2,"column":54},"end":{"line":6,"column":null}},"line":2}},"branchMap":{},"s":{"0":0},"f":{"0":0},"b":{},"meta":{"lastBranch":0,"lastFunction":1,"lastStatement":1,"seen":{"f:2:16:2:35":0,"s:3:2:6:Infinity":0}}}
,"/Users/coreyalejandro/Projects/instructional-integrity-ui/lib/rubric/defaultRubric.ts": {"path":"/Users/coreyalejandro/Projects/instructional-integrity-ui/lib/rubric/defaultRubric.ts","statementMap":{"0":{"start":{"line":4,"column":37},"end":{"line":119,"column":null}},"1":{"start":{"line":122,"column":2},"end":{"line":122,"column":null}}},"fnMap":{"0":{"name":"getRubricVersion","decl":{"start":{"line":121,"column":16},"end":{"line":121,"column":43}},"loc":{"start":{"line":121,"column":43},"end":{"line":122,"column":null}},"line":121}},"branchMap":{},"s":{"0":3,"1":0},"f":{"0":0},"b":{},"meta":{"lastBranch":0,"lastFunction":1,"lastStatement":2,"seen":{"s:4:37:119:Infinity":0,"f:121:16:121:43":0,"s:122:2:122:Infinity":1}}}
,"/Users/coreyalejandro/Projects/instructional-integrity-ui/lib/rubric/rubricRegistry.ts": {"path":"/Users/coreyalejandro/Projects/instructional-integrity-ui/lib/rubric/rubricRegistry.ts","statementMap":{"0":{"start":{"line":5,"column":2},"end":{"line":5,"column":null}},"1":{"start":{"line":9,"column":2},"end":{"line":9,"column":null}},"2":{"start":{"line":9,"column":46},"end":{"line":9,"column":58}}},"fnMap":{"0":{"name":"getRubric","decl":{"start":{"line":4,"column":16},"end":{"line":4,"column":36}},"loc":{"start":{"line":4,"column":36},"end":{"line":5,"column":null}},"line":4},"1":{"name":"getDimensionById","decl":{"start":{"line":8,"column":16},"end":{"line":8,"column":33}},"loc":{"start":{"line":8,"column":84},"end":{"line":9,"column":null}},"line":8},"2":{"name":"(anonymous_2)","decl":{"start":{"line":9,"column":34},"end":{"line":9,"column":40}},"loc":{"start":{"line":9,"column":46},"end":{"line":9,"column":58}},"line":9}},"branchMap":{},"s":{"0":6,"1":0,"2":0},"f":{"0":6,"1":0,"2":0},"b":{},"meta":{"lastBranch":0,"lastFunction":3,"lastStatement":3,"seen":{"f:4:16:4:36":0,"s:5:2:5:Infinity":0,"f:8:16:8:33":1,"s:9:2:9:Infinity":1,"f:9:34:9:40":2,"s:9:46:9:58":2}}}
,"/Users/coreyalejandro/Projects/instructional-integrity-ui/lib/rubric/rubricTypes.ts": {"path":"/Users/coreyalejandro/Projects/instructional-integrity-ui/lib/rubric/rubricTypes.ts","statementMap":{},"fnMap":{},"branchMap":{},"s":{},"f":{},"b":{},"meta":{"lastBranch":0,"lastFunction":0,"lastStatement":0,"seen":{}}}
,"/Users/coreyalejandro/Projects/instructional-integrity-ui/lib/run-history-service/runHistoryService.ts": {"path":"/Users/coreyalejandro/Projects/instructional-integrity-ui/lib/run-history-service/runHistoryService.ts","statementMap":{},"fnMap":{},"branchMap":{},"s":{},"f":{},"b":{},"meta":{"lastBranch":0,"lastFunction":0,"lastStatement":0,"seen":{}}}
,"/Users/coreyalejandro/Projects/instructional-integrity-ui/lib/session/session.ts": {"path":"/Users/coreyalejandro/Projects/instructional-integrity-ui/lib/session/session.ts","statementMap":{"0":{"start":{"line":3,"column":35},"end":{"line":3,"column":null}},"1":{"start":{"line":6,"column":16},"end":{"line":12,"column":19}},"2":{"start":{"line":13,"column":2},"end":{"line":13,"column":null}},"3":{"start":{"line":20,"column":19},"end":{"line":20,"column":null}},"4":{"start":{"line":21,"column":2},"end":{"line":22,"column":null}},"5":{"start":{"line":22,"column":4},"end":{"line":22,"column":null}},"6":{"start":{"line":24,"column":20},"end":{"line":24,"column":39}},"7":{"start":{"line":25,"column":2},"end":{"line":28,"column":null}}},"fnMap":{"0":{"name":"buildSessionCookie","decl":{"start":{"line":5,"column":9},"end":{"line":5,"column":28}},"loc":{"start":{"line":5,"column":51},"end":{"line":13,"column":null}},"line":5},"1":{"name":"resolveSession","decl":{"start":{"line":16,"column":22},"end":{"line":16,"column":37}},"loc":{"start":{"line":19,"column":3},"end":{"line":28,"column":null}},"line":19}},"branchMap":{"0":{"loc":{"start":{"line":11,"column":29},"end":{"line":11,"column":null}},"type":"cond-expr","locations":[{"start":{"line":11,"column":44},"end":{"line":11,"column":55}},{"start":{"line":11,"column":55},"end":{"line":11,"column":null}}],"line":11},"1":{"loc":{"start":{"line":21,"column":2},"end":{"line":22,"column":null}},"type":"if","locations":[{"start":{"line":21,"column":2},"end":{"line":22,"column":null}},{"start":{},"end":{}}],"line":21},"2":{"loc":{"start":{"line":21,"column":6},"end":{"line":21,"column":39}},"type":"binary-expr","locations":[{"start":{"line":21,"column":6},"end":{"line":21,"column":18}},{"start":{"line":21,"column":18},"end":{"line":21,"column":39}}],"line":21}},"s":{"0":0,"1":0,"2":0,"3":0,"4":0,"5":0,"6":0,"7":0},"f":{"0":0,"1":0},"b":{"0":[0,0],"1":[0,0],"2":[0,0]},"meta":{"lastBranch":3,"lastFunction":2,"lastStatement":8,"seen":{"s:3:35:3:Infinity":0,"f:5:9:5:28":0,"s:6:16:12:19":1,"b:11:44:11:55:11:55:11:Infinity":0,"s:13:2:13:Infinity":2,"f:16:22:16:37":1,"s:20:19:20:Infinity":3,"b:21:2:22:Infinity:undefined:undefined:undefined:undefined":1,"s:21:2:22:Infinity":4,"b:21:6:21:18:21:18:21:39":2,"s:22:4:22:Infinity":5,"s:24:20:24:39":6,"s:25:2:28:Infinity":7}}}
,"/Users/coreyalejandro/Projects/instructional-integrity-ui/lib/validation/schemas.ts": {"path":"/Users/coreyalejandro/Projects/instructional-integrity-ui/lib/validation/schemas.ts","statementMap":{"0":{"start":{"line":3,"column":15},"end":{"line":6,"column":null}},"1":{"start":{"line":8,"column":40},"end":{"line":16,"column":2}},"2":{"start":{"line":20,"column":33},"end":{"line":22,"column":2}}},"fnMap":{},"branchMap":{"0":{"loc":{"start":{"line":5,"column":16},"end":{"line":5,"column":null}},"type":"binary-expr","locations":[{"start":{"line":5,"column":16},"end":{"line":5,"column":48}},{"start":{"line":5,"column":48},"end":{"line":5,"column":null}}],"line":5}},"s":{"0":0,"1":0,"2":0},"f":{},"b":{"0":[0,0]},"meta":{"lastBranch":1,"lastFunction":0,"lastStatement":3,"seen":{"s:3:15:6:Infinity":0,"b:5:16:5:48:5:48:5:Infinity":0,"s:8:40:16:2":1,"s:20:33:22:2":2}}}
}
